Using pre-set license
Built from '2020.3/staging' branch; Version is '2020.3.6f1 (338bb68529b2) revision 3378102'; Using compiler version '192528614'; Build Type 'Release'
OS: 'Windows 10 Home Single Language; OS build 19042.1288; Version 2009; 64bit' Language: 'en' Physical Memory: 6080 MB
BatchMode: 1, IsHumanControllingUs: 0, StartBugReporterOnCrash: 0, Is64bit: 1, IsPro: 0

 COMMAND LINE ARGUMENTS:
C:\Program Files\Unity\Editor\Unity.exe
-adb2
-batchMode
-noUpm
-name
AssetImportWorker0
-projectPath
C:/Users/Asus/Desktop/Tux_Thesis/GameDevelopment
-logFile
Logs/AssetImportWorker0.log
-srvPort
61490
Successfully changed project path to: C:/Users/Asus/Desktop/Tux_Thesis/GameDevelopment
C:/Users/Asus/Desktop/Tux_Thesis/GameDevelopment
Using Asset Import Pipeline V2.
Refreshing native plugins compatible for Editor in 35.81 ms, found 0 plugins.
Preloading 0 native plugins for Editor in 0.00 ms.
Initialize engine version: 2020.3.6f1 (338bb68529b2)
[Subsystems] Discovering subsystems at path C:/Program Files/Unity/Editor/Data/Resources/UnitySubsystems
[Subsystems] Discovering subsystems at path C:/Users/Asus/Desktop/Tux_Thesis/GameDevelopment/Assets
GfxDevice: creating device client; threaded=0
Direct3D:
    Version:  Direct3D 11.0 [level 11.1]
    Renderer: NVIDIA GeForce GTX 1650 (ID=0x1f91)
    Vendor:   
    VRAM:     3962 MB
    Driver:   27.21.14.5763
Initialize mono
Mono path[0] = 'C:/Program Files/Unity/Editor/Data/Managed'
Mono path[1] = 'C:/Program Files/Unity/Editor/Data/MonoBleedingEdge/lib/mono/unityjit'
Mono config path = 'C:/Program Files/Unity/Editor/Data/MonoBleedingEdge/etc'
Using monoOptions --debugger-agent=transport=dt_socket,embedding=1,server=y,suspend=n,address=127.0.0.1:56164
Begin MonoManager ReloadAssembly
Registering precompiled unity dll's ...
Register platform support module: C:/Program Files/Unity/Editor/Data/PlaybackEngines/WindowsStandaloneSupport/UnityEditor.WindowsStandalone.Extensions.dll
Registered in 0.002269 seconds.
Native extension for WindowsStandalone target not found
Refreshing native plugins compatible for Editor in 29.77 ms, found 0 plugins.
Preloading 0 native plugins for Editor in 0.00 ms.
Mono: successfully reloaded assembly
- Completed reload, in  2.021 seconds
Platform modules already initialized, skipping
Registering precompiled user dll's ...
Registered in 0.000967 seconds.
Begin MonoManager ReloadAssembly
Native extension for WindowsStandalone target not found
Refreshing native plugins compatible for Editor in 0.27 ms, found 0 plugins.
Preloading 0 native plugins for Editor in 0.00 ms.
Mono: successfully reloaded assembly
- Completed reload, in  1.048 seconds
Platform modules already initialized, skipping
========================================================================
Worker process is ready to serve import requests
Launched and connected shader compiler UnityShaderCompiler.exe after 0.06 seconds
Refreshing native plugins compatible for Editor in 0.29 ms, found 0 plugins.
Preloading 0 native plugins for Editor in 0.00 ms.
Unloading 1177 Unused Serialized files (Serialized files now loaded: 0)
System memory in use before: 61.1 MB.
System memory in use after: 61.2 MB.

Unloading 10 unused Assets to reduce memory usage. Loaded Objects now: 1620.
Total: 2.361200 ms (FindLiveObjects: 0.187100 ms CreateObjectMapping: 0.037500 ms MarkObjects: 2.027700 ms  DeleteObjects: 0.107400 ms)

========================================================================
Received Import Request.
  path: Assets/Script/Player/Player Data Flow/LoadProgress.cs
  artifactKey: Guid(2047b4c9e84249c40991c01411f8c034) Importer(815301076,1909f56bfc062723c751e8b465ee728b)
Start importing Assets/Script/Player/Player Data Flow/LoadProgress.cs using Guid(2047b4c9e84249c40991c01411f8c034) Importer(815301076,1909f56bfc062723c751e8b465ee728b)  -> (artifact id: '25997d7d706aebc5328d93d6280d89c7') in 0.035771 seconds
  Import took 0.039488 seconds .

========================================================================
Received Import Request.
  Time since last request: 0.000673 seconds.
  path: Assets/Shop Manager/Script/CharacterSelection.cs
  artifactKey: Guid(2f8d88a22ce310446bc7460d48e4fc52) Importer(815301076,1909f56bfc062723c751e8b465ee728b)
Start importing Assets/Shop Manager/Script/CharacterSelection.cs using Guid(2f8d88a22ce310446bc7460d48e4fc52) Importer(815301076,1909f56bfc062723c751e8b465ee728b)  -> (artifact id: 'f6a7b7b39c4fc00d29510893af3298ed') in 0.011494 seconds
  Import took 0.014642 seconds .

========================================================================
Received Import Request.
  Time since last request: 83.531873 seconds.
  path: Assets/Shop Manager/Script/CharacterSelection.cs
  artifactKey: Guid(2f8d88a22ce310446bc7460d48e4fc52) Importer(815301076,1909f56bfc062723c751e8b465ee728b)
Start importing Assets/Shop Manager/Script/CharacterSelection.cs using Guid(2f8d88a22ce310446bc7460d48e4fc52) Importer(815301076,1909f56bfc062723c751e8b465ee728b)  -> (artifact id: '2c42c57f5049951536357f044e505139') in 0.007324 seconds
  Import took 0.011623 seconds .

========================================================================
Received Prepare
Registering precompiled user dll's ...
Registered in 0.000803 seconds.
Begin MonoManager ReloadAssembly
Native extension for WindowsStandalone target not found
Refreshing native plugins compatible for Editor in 0.30 ms, found 0 plugins.
Preloading 0 native plugins for Editor in 0.00 ms.
Mono: successfully reloaded assembly
- Completed reload, in  1.044 seconds
Platform modules already initialized, skipping
Refreshing native plugins compatible for Editor in 0.28 ms, found 0 plugins.
Preloading 0 native plugins for Editor in 0.00 ms.
Unloading 1158 Unused Serialized files (Serialized files now loaded: 0)
System memory in use before: 59.7 MB.
System memory in use after: 59.7 MB.

Unloading 5 unused Assets to reduce memory usage. Loaded Objects now: 1623.
Total: 2.247900 ms (FindLiveObjects: 0.198700 ms CreateObjectMapping: 0.038300 ms MarkObjects: 1.925500 ms  DeleteObjects: 0.083700 ms)

========================================================================
Received Prepare
Registering precompiled user dll's ...
Registered in 0.001213 seconds.
Begin MonoManager ReloadAssembly
Native extension for WindowsStandalone target not found
Refreshing native plugins compatible for Editor in 0.54 ms, found 0 plugins.
Preloading 0 native plugins for Editor in 0.00 ms.
Mono: successfully reloaded assembly
- Completed reload, in  1.056 seconds
Platform modules already initialized, skipping
Refreshing native plugins compatible for Editor in 0.32 ms, found 0 plugins.
Preloading 0 native plugins for Editor in 0.00 ms.
Unloading 1158 Unused Serialized files (Serialized files now loaded: 0)
System memory in use before: 59.7 MB.
System memory in use after: 59.8 MB.

Unloading 5 unused Assets to reduce memory usage. Loaded Objects now: 1626.
Total: 2.721400 ms (FindLiveObjects: 0.218500 ms CreateObjectMapping: 0.045600 ms MarkObjects: 2.368000 ms  DeleteObjects: 0.087000 ms)

========================================================================
Received Prepare
Registering precompiled user dll's ...
Registered in 0.000983 seconds.
Begin MonoManager ReloadAssembly
Native extension for WindowsStandalone target not found
Refreshing native plugins compatible for Editor in 0.31 ms, found 0 plugins.
Preloading 0 native plugins for Editor in 0.00 ms.
Mono: successfully reloaded assembly
- Completed reload, in  1.105 seconds
Platform modules already initialized, skipping
Refreshing native plugins compatible for Editor in 0.33 ms, found 0 plugins.
Preloading 0 native plugins for Editor in 0.00 ms.
Unloading 1158 Unused Serialized files (Serialized files now loaded: 0)
System memory in use before: 59.7 MB.
System memory in use after: 59.8 MB.

Unloading 5 unused Assets to reduce memory usage. Loaded Objects now: 1629.
Total: 2.583300 ms (FindLiveObjects: 0.193100 ms CreateObjectMapping: 0.039500 ms MarkObjects: 2.162300 ms  DeleteObjects: 0.186200 ms)

========================================================================
Received Prepare
Registering precompiled user dll's ...
Registered in 0.001356 seconds.
Begin MonoManager ReloadAssembly
Native extension for WindowsStandalone target not found
Refreshing native plugins compatible for Editor in 0.48 ms, found 0 plugins.
Preloading 0 native plugins for Editor in 0.00 ms.
Mono: successfully reloaded assembly
- Completed reload, in  1.170 seconds
Platform modules already initialized, skipping
Refreshing native plugins compatible for Editor in 0.30 ms, found 0 plugins.
Preloading 0 native plugins for Editor in 0.00 ms.
Unloading 1158 Unused Serialized files (Serialized files now loaded: 0)
System memory in use before: 59.7 MB.
System memory in use after: 59.8 MB.

Unloading 5 unused Assets to reduce memory usage. Loaded Objects now: 1632.
Total: 2.234400 ms (FindLiveObjects: 0.185500 ms CreateObjectMapping: 0.039000 ms MarkObjects: 1.933300 ms  DeleteObjects: 0.075300 ms)

========================================================================
Received Prepare
Registering precompiled user dll's ...
Registered in 0.001152 seconds.
Begin MonoManager ReloadAssembly
Native extension for WindowsStandalone target not found
Refreshing native plugins compatible for Editor in 0.98 ms, found 0 plugins.
Preloading 0 native plugins for Editor in 0.00 ms.
Mono: successfully reloaded assembly
- Completed reload, in  1.121 seconds
Platform modules already initialized, skipping
Refreshing native plugins compatible for Editor in 0.29 ms, found 0 plugins.
Preloading 0 native plugins for Editor in 0.00 ms.
Unloading 1158 Unused Serialized files (Serialized files now loaded: 0)
System memory in use before: 59.7 MB.
System memory in use after: 59.8 MB.

Unloading 5 unused Assets to reduce memory usage. Loaded Objects now: 1635.
Total: 2.185200 ms (FindLiveObjects: 0.201500 ms CreateObjectMapping: 0.043300 ms MarkObjects: 1.862100 ms  DeleteObjects: 0.076500 ms)

========================================================================
Received Prepare
Registering precompiled user dll's ...
Registered in 0.001768 seconds.
Begin MonoManager ReloadAssembly
Native extension for WindowsStandalone target not found
Refreshing native plugins compatible for Editor in 0.64 ms, found 0 plugins.
Preloading 0 native plugins for Editor in 0.00 ms.
Mono: successfully reloaded assembly
- Completed reload, in  1.593 seconds
Platform modules already initialized, skipping
Refreshing native plugins compatible for Editor in 0.54 ms, found 0 plugins.
Preloading 0 native plugins for Editor in 0.00 ms.
Unloading 1158 Unused Serialized files (Serialized files now loaded: 0)
System memory in use before: 59.7 MB.
System memory in use after: 59.8 MB.

Unloading 5 unused Assets to reduce memory usage. Loaded Objects now: 1638.
Total: 4.185000 ms (FindLiveObjects: 0.945100 ms CreateObjectMapping: 0.111000 ms MarkObjects: 3.009900 ms  DeleteObjects: 0.108800 ms)

========================================================================
Received Prepare
Registering precompiled user dll's ...
Registered in 0.003506 seconds.
Begin MonoManager ReloadAssembly
Native extension for WindowsStandalone target not found
Refreshing native plugins compatible for Editor in 0.41 ms, found 0 plugins.
Preloading 0 native plugins for Editor in 0.00 ms.
Mono: successfully reloaded assembly
- Completed reload, in  1.125 seconds
Platform modules already initialized, skipping
Refreshing native plugins compatible for Editor in 0.31 ms, found 0 plugins.
Preloading 0 native plugins for Editor in 0.00 ms.
Unloading 1158 Unused Serialized files (Serialized files now loaded: 0)
System memory in use before: 59.7 MB.
System memory in use after: 59.8 MB.

Unloading 5 unused Assets to reduce memory usage. Loaded Objects now: 1641.
Total: 3.471000 ms (FindLiveObjects: 0.307800 ms CreateObjectMapping: 0.069600 ms MarkObjects: 2.840400 ms  DeleteObjects: 0.250000 ms)

========================================================================
Received Prepare
Registering precompiled user dll's ...
Registered in 0.005098 seconds.
Begin MonoManager ReloadAssembly
Native extension for WindowsStandalone target not found
Refreshing native plugins compatible for Editor in 0.47 ms, found 0 plugins.
Preloading 0 native plugins for Editor in 0.00 ms.
Mono: successfully reloaded assembly
- Completed reload, in  1.433 seconds
Platform modules already initialized, skipping
Refreshing native plugins compatible for Editor in 0.52 ms, found 0 plugins.
Preloading 0 native plugins for Editor in 0.00 ms.
Unloading 1158 Unused Serialized files (Serialized files now loaded: 0)
System memory in use before: 59.7 MB.
System memory in use after: 59.8 MB.

Unloading 5 unused Assets to reduce memory usage. Loaded Objects now: 1644.
Total: 2.997500 ms (FindLiveObjects: 0.287900 ms CreateObjectMapping: 0.051500 ms MarkObjects: 2.551800 ms  DeleteObjects: 0.103300 ms)

========================================================================
Received Prepare
Registering precompiled user dll's ...
Registered in 0.002301 seconds.
Begin MonoManager ReloadAssembly
Native extension for WindowsStandalone target not found
Refreshing native plugins compatible for Editor in 0.30 ms, found 0 plugins.
Preloading 0 native plugins for Editor in 0.00 ms.
Mono: successfully reloaded assembly
- Completed reload, in  1.489 seconds
Platform modules already initialized, skipping
Refreshing native plugins compatible for Editor in 0.57 ms, found 0 plugins.
Preloading 0 native plugins for Editor in 0.00 ms.
Unloading 1158 Unused Serialized files (Serialized files now loaded: 0)
System memory in use before: 59.8 MB.
System memory in use after: 59.8 MB.

Unloading 5 unused Assets to reduce memory usage. Loaded Objects now: 1647.
Total: 3.315100 ms (FindLiveObjects: 0.748300 ms CreateObjectMapping: 0.071700 ms MarkObjects: 2.346400 ms  DeleteObjects: 0.099800 ms)

========================================================================
Received Prepare
Registering precompiled user dll's ...
Registered in 0.001357 seconds.
Begin MonoManager ReloadAssembly
Native extension for WindowsStandalone target not found
Refreshing native plugins compatible for Editor in 0.44 ms, found 0 plugins.
Preloading 0 native plugins for Editor in 0.00 ms.
Mono: successfully reloaded assembly
- Completed reload, in  1.134 seconds
Platform modules already initialized, skipping
Refreshing native plugins compatible for Editor in 0.31 ms, found 0 plugins.
Preloading 0 native plugins for Editor in 0.00 ms.
Unloading 1158 Unused Serialized files (Serialized files now loaded: 0)
System memory in use before: 59.8 MB.
System memory in use after: 59.8 MB.

Unloading 5 unused Assets to reduce memory usage. Loaded Objects now: 1650.
Total: 2.074500 ms (FindLiveObjects: 0.183200 ms CreateObjectMapping: 0.034700 ms MarkObjects: 1.781400 ms  DeleteObjects: 0.073800 ms)

========================================================================
Received Prepare
Registering precompiled user dll's ...
Registered in 0.001019 seconds.
Begin MonoManager ReloadAssembly
Native extension for WindowsStandalone target not found
Refreshing native plugins compatible for Editor in 0.40 ms, found 0 plugins.
Preloading 0 native plugins for Editor in 0.00 ms.
Mono: successfully reloaded assembly
- Completed reload, in  1.270 seconds
Platform modules already initialized, skipping
Refreshing native plugins compatible for Editor in 1.18 ms, found 0 plugins.
Preloading 0 native plugins for Editor in 0.00 ms.
Unloading 1158 Unused Serialized files (Serialized files now loaded: 0)
System memory in use before: 59.8 MB.
System memory in use after: 59.8 MB.

Unloading 5 unused Assets to reduce memory usage. Loaded Objects now: 1653.
Total: 2.904800 ms (FindLiveObjects: 0.382900 ms CreateObjectMapping: 0.094600 ms MarkObjects: 2.344800 ms  DeleteObjects: 0.080500 ms)

========================================================================
Received Prepare
Registering precompiled user dll's ...
Registered in 0.002587 seconds.
Begin MonoManager ReloadAssembly
Native extension for WindowsStandalone target not found
Refreshing native plugins compatible for Editor in 0.34 ms, found 0 plugins.
Preloading 0 native plugins for Editor in 0.00 ms.
Mono: successfully reloaded assembly
- Completed reload, in  1.515 seconds
Platform modules already initialized, skipping
Refreshing native plugins compatible for Editor in 0.35 ms, found 0 plugins.
Preloading 0 native plugins for Editor in 0.00 ms.
Unloading 1158 Unused Serialized files (Serialized files now loaded: 0)
System memory in use before: 59.8 MB.
System memory in use after: 59.8 MB.

Unloading 5 unused Assets to reduce memory usage. Loaded Objects now: 1656.
Total: 3.236800 ms (FindLiveObjects: 0.292000 ms CreateObjectMapping: 0.059300 ms MarkObjects: 2.767400 ms  DeleteObjects: 0.112300 ms)

========================================================================
Received Prepare
Registering precompiled user dll's ...
Registered in 0.005157 seconds.
Begin MonoManager ReloadAssembly
Native extension for WindowsStandalone target not found
Refreshing native plugins compatible for Editor in 0.29 ms, found 0 plugins.
Preloading 0 native plugins for Editor in 0.00 ms.
Mono: successfully reloaded assembly
- Completed reload, in  1.149 seconds
Platform modules already initialized, skipping
Refreshing native plugins compatible for Editor in 0.33 ms, found 0 plugins.
Preloading 0 native plugins for Editor in 0.00 ms.
Unloading 1158 Unused Serialized files (Serialized files now loaded: 0)
System memory in use before: 59.8 MB.
System memory in use after: 59.8 MB.

Unloading 5 unused Assets to reduce memory usage. Loaded Objects now: 1659.
Total: 2.852200 ms (FindLiveObjects: 0.284100 ms CreateObjectMapping: 0.046900 ms MarkObjects: 2.431900 ms  DeleteObjects: 0.086400 ms)

========================================================================
Received Prepare
Registering precompiled user dll's ...
Registered in 0.001247 seconds.
Begin MonoManager ReloadAssembly
Native extension for WindowsStandalone target not found
Refreshing native plugins compatible for Editor in 0.32 ms, found 0 plugins.
Preloading 0 native plugins for Editor in 0.00 ms.
Mono: successfully reloaded assembly
- Completed reload, in  1.431 seconds
Platform modules already initialized, skipping
Refreshing native plugins compatible for Editor in 0.73 ms, found 0 plugins.
Preloading 0 native plugins for Editor in 0.00 ms.
Unloading 1158 Unused Serialized files (Serialized files now loaded: 0)
System memory in use before: 59.8 MB.
System memory in use after: 59.9 MB.

Unloading 5 unused Assets to reduce memory usage. Loaded Objects now: 1662.
Total: 4.684700 ms (FindLiveObjects: 0.418700 ms CreateObjectMapping: 0.085700 ms MarkObjects: 3.997300 ms  DeleteObjects: 0.176100 ms)

========================================================================
Received Prepare
Registering precompiled user dll's ...
Registered in 0.001197 seconds.
Begin MonoManager ReloadAssembly
Native extension for WindowsStandalone target not found
Refreshing native plugins compatible for Editor in 0.28 ms, found 0 plugins.
Preloading 0 native plugins for Editor in 0.00 ms.
Mono: successfully reloaded assembly
- Completed reload, in  1.580 seconds
Platform modules already initialized, skipping
Refreshing native plugins compatible for Editor in 0.31 ms, found 0 plugins.
Preloading 0 native plugins for Editor in 0.00 ms.
Unloading 1158 Unused Serialized files (Serialized files now loaded: 0)
System memory in use before: 59.8 MB.
System memory in use after: 59.9 MB.

Unloading 5 unused Assets to reduce memory usage. Loaded Objects now: 1665.
Total: 5.248700 ms (FindLiveObjects: 0.640100 ms CreateObjectMapping: 0.232000 ms MarkObjects: 4.263500 ms  DeleteObjects: 0.107500 ms)

========================================================================
Received Prepare
Registering precompiled user dll's ...
Registered in 0.002828 seconds.
Begin MonoManager ReloadAssembly
Native extension for WindowsStandalone target not found
Refreshing native plugins compatible for Editor in 0.31 ms, found 0 plugins.
Preloading 0 native plugins for Editor in 0.00 ms.
Mono: successfully reloaded assembly
- Completed reload, in  1.387 seconds
Platform modules already initialized, skipping
Refreshing native plugins compatible for Editor in 0.41 ms, found 0 plugins.
Preloading 0 native plugins for Editor in 0.00 ms.
Unloading 1158 Unused Serialized files (Serialized files now loaded: 0)
System memory in use before: 59.8 MB.
System memory in use after: 59.9 MB.

Unloading 5 unused Assets to reduce memory usage. Loaded Objects now: 1668.
Total: 4.626600 ms (FindLiveObjects: 0.862900 ms CreateObjectMapping: 0.407800 ms MarkObjects: 3.247000 ms  DeleteObjects: 0.100700 ms)

========================================================================
Received Prepare
Registering precompiled user dll's ...
Registered in 0.001331 seconds.
Begin MonoManager ReloadAssembly
Native extension for WindowsStandalone target not found
Refreshing native plugins compatible for Editor in 1.16 ms, found 0 plugins.
Preloading 0 native plugins for Editor in 0.00 ms.
Mono: successfully reloaded assembly
- Completed reload, in  1.423 seconds
Platform modules already initialized, skipping
Refreshing native plugins compatible for Editor in 0.44 ms, found 0 plugins.
Preloading 0 native plugins for Editor in 0.00 ms.
Unloading 1158 Unused Serialized files (Serialized files now loaded: 0)
System memory in use before: 59.8 MB.
System memory in use after: 59.9 MB.

Unloading 5 unused Assets to reduce memory usage. Loaded Objects now: 1671.
Total: 3.333100 ms (FindLiveObjects: 0.380600 ms CreateObjectMapping: 0.184400 ms MarkObjects: 2.675100 ms  DeleteObjects: 0.091200 ms)

========================================================================
Received Prepare
Registering precompiled user dll's ...
Registered in 0.002504 seconds.
Begin MonoManager ReloadAssembly
Native extension for WindowsStandalone target not found
Refreshing native plugins compatible for Editor in 0.29 ms, found 0 plugins.
Preloading 0 native plugins for Editor in 0.00 ms.
Mono: successfully reloaded assembly
- Completed reload, in  1.157 seconds
Platform modules already initialized, skipping
Refreshing native plugins compatible for Editor in 0.29 ms, found 0 plugins.
Preloading 0 native plugins for Editor in 0.00 ms.
Unloading 1158 Unused Serialized files (Serialized files now loaded: 0)
System memory in use before: 59.8 MB.
System memory in use after: 59.9 MB.

Unloading 5 unused Assets to reduce memory usage. Loaded Objects now: 1674.
Total: 3.050800 ms (FindLiveObjects: 0.524800 ms CreateObjectMapping: 0.111000 ms MarkObjects: 2.327400 ms  DeleteObjects: 0.083000 ms)

========================================================================
Received Prepare
Registering precompiled user dll's ...
Registered in 0.002307 seconds.
Begin MonoManager ReloadAssembly
Native extension for WindowsStandalone target not found
Refreshing native plugins compatible for Editor in 0.42 ms, found 0 plugins.
Preloading 0 native plugins for Editor in 0.00 ms.
Mono: successfully reloaded assembly
- Completed reload, in  1.174 seconds
Platform modules already initialized, skipping
Refreshing native plugins compatible for Editor in 0.61 ms, found 0 plugins.
Preloading 0 native plugins for Editor in 0.00 ms.
Unloading 1158 Unused Serialized files (Serialized files now loaded: 0)
System memory in use before: 59.8 MB.
System memory in use after: 59.9 MB.

Unloading 5 unused Assets to reduce memory usage. Loaded Objects now: 1677.
Total: 6.250400 ms (FindLiveObjects: 0.312100 ms CreateObjectMapping: 1.444900 ms MarkObjects: 4.332000 ms  DeleteObjects: 0.157900 ms)

========================================================================
Received Prepare
Registering precompiled user dll's ...
Registered in 0.001633 seconds.
Begin MonoManager ReloadAssembly
Native extension for WindowsStandalone target not found
Refreshing native plugins compatible for Editor in 0.27 ms, found 0 plugins.
Preloading 0 native plugins for Editor in 0.00 ms.
Mono: successfully reloaded assembly
- Completed reload, in  1.250 seconds
Platform modules already initialized, skipping
Refreshing native plugins compatible for Editor in 0.27 ms, found 0 plugins.
Preloading 0 native plugins for Editor in 0.00 ms.
Unloading 1158 Unused Serialized files (Serialized files now loaded: 0)
System memory in use before: 59.8 MB.
System memory in use after: 59.9 MB.

Unloading 5 unused Assets to reduce memory usage. Loaded Objects now: 1680.
Total: 3.212700 ms (FindLiveObjects: 1.116100 ms CreateObjectMapping: 0.151500 ms MarkObjects: 1.857000 ms  DeleteObjects: 0.082300 ms)

========================================================================
Received Prepare
Registering precompiled user dll's ...
Registered in 0.002529 seconds.
Begin MonoManager ReloadAssembly
Native extension for WindowsStandalone target not found
Refreshing native plugins compatible for Editor in 0.65 ms, found 0 plugins.
Preloading 0 native plugins for Editor in 0.00 ms.
Mono: successfully reloaded assembly
- Completed reload, in  1.858 seconds
Platform modules already initialized, skipping
Refreshing native plugins compatible for Editor in 0.61 ms, found 0 plugins.
Preloading 0 native plugins for Editor in 0.00 ms.
Unloading 1158 Unused Serialized files (Serialized files now loaded: 0)
System memory in use before: 59.8 MB.
System memory in use after: 59.9 MB.

Unloading 5 unused Assets to reduce memory usage. Loaded Objects now: 1683.
Total: 4.987800 ms (FindLiveObjects: 0.353500 ms CreateObjectMapping: 0.094100 ms MarkObjects: 4.414700 ms  DeleteObjects: 0.122500 ms)

========================================================================
Received Import Request.
  Time since last request: 5541.026585 seconds.
  path: Assets/Extensions
  artifactKey: Guid(e3d968db7464af94a8ffe3bc03930a74) Importer(815301076,1909f56bfc062723c751e8b465ee728b)
Start importing Assets/Extensions using Guid(e3d968db7464af94a8ffe3bc03930a74) Importer(815301076,1909f56bfc062723c751e8b465ee728b)  -> (artifact id: '359ce26d949b7c813812cc0329755865') in 0.030800 seconds
  Import took 0.035933 seconds .

========================================================================
Received Import Request.
  Time since last request: 0.969904 seconds.
  path: Assets/Script
  artifactKey: Guid(7d95fceffea89694c8e99442a09404df) Importer(815301076,1909f56bfc062723c751e8b465ee728b)
Start importing Assets/Script using Guid(7d95fceffea89694c8e99442a09404df) Importer(815301076,1909f56bfc062723c751e8b465ee728b)  -> (artifact id: 'b221e94f66837699138ed756a404f322') in 0.021440 seconds
  Import took 0.025357 seconds .

========================================================================
Received Import Request.
  Time since last request: 0.597486 seconds.
  path: Assets/Scene
  artifactKey: Guid(2010e2b566078484fb2b82d21cf3cdc0) Importer(815301076,1909f56bfc062723c751e8b465ee728b)
Start importing Assets/Scene using Guid(2010e2b566078484fb2b82d21cf3cdc0) Importer(815301076,1909f56bfc062723c751e8b465ee728b)  -> (artifact id: '36837438faf1d2e27b8340f4fe614579') in 0.017496 seconds
  Import took 0.021601 seconds .

========================================================================
Received Import Request.
  Time since last request: 6.223095 seconds.
  path: Assets/Shop Manager/Script/CharacterAnimation.cs
  artifactKey: Guid(b1c6fe6b6c3b5f844b35adac29ca18ac) Importer(815301076,1909f56bfc062723c751e8b465ee728b)
Start importing Assets/Shop Manager/Script/CharacterAnimation.cs using Guid(b1c6fe6b6c3b5f844b35adac29ca18ac) Importer(815301076,1909f56bfc062723c751e8b465ee728b)  -> (artifact id: '53b899c1b27596d87575377edac84c25') in 0.025590 seconds
  Import took 0.031106 seconds .

========================================================================
Received Import Request.
  Time since last request: 9.865016 seconds.
  path: Assets/Scene/Kalat Scenes
  artifactKey: Guid(7e075be330e5bfb46be7bf569066cf07) Importer(815301076,1909f56bfc062723c751e8b465ee728b)
Start importing Assets/Scene/Kalat Scenes using Guid(7e075be330e5bfb46be7bf569066cf07) Importer(815301076,1909f56bfc062723c751e8b465ee728b)  -> (artifact id: 'c84306c11b30f6c4bc62dec531eaa1b9') in 0.025647 seconds
  Import took 0.029521 seconds .

========================================================================
Received Import Request.
  Time since last request: 3.674950 seconds.
  path: Assets/Scene/Kalat Scenes/Kalat_Scenes.unity
  artifactKey: Guid(a81c201ad02c9894d98101959d04bc15) Importer(815301076,1909f56bfc062723c751e8b465ee728b)
Start importing Assets/Scene/Kalat Scenes/Kalat_Scenes.unity using Guid(a81c201ad02c9894d98101959d04bc15) Importer(815301076,1909f56bfc062723c751e8b465ee728b)  -> (artifact id: '0d11e9868a5e36ec449b46cb2f438762') in 0.033640 seconds
  Import took 0.037336 seconds .

========================================================================
Received Import Request.
  Time since last request: 4.814604 seconds.
  path: Assets/Scene/Manager
  artifactKey: Guid(bedfa7d74b774c84e8b6789372f2c595) Importer(815301076,1909f56bfc062723c751e8b465ee728b)
Start importing Assets/Scene/Manager using Guid(bedfa7d74b774c84e8b6789372f2c595) Importer(815301076,1909f56bfc062723c751e8b465ee728b)  -> (artifact id: '8a75a98dcd34568efc51b5f9e0c4a9c8') in 0.017264 seconds
  Import took 0.022226 seconds .

========================================================================
Received Import Request.
  Time since last request: 2.119010 seconds.
  path: Assets/Scene/Manager/Opening_Game_Scene.unity
  artifactKey: Guid(d3f6511e882f0d343ae2942a763e8fd3) Importer(815301076,1909f56bfc062723c751e8b465ee728b)
Start importing Assets/Scene/Manager/Opening_Game_Scene.unity using Guid(d3f6511e882f0d343ae2942a763e8fd3) Importer(815301076,1909f56bfc062723c751e8b465ee728b)  -> (artifact id: '9b3631cc2ab2e95d436270712d706d0b') in 0.013837 seconds
  Import took 0.016668 seconds .

========================================================================
Received Import Request.
  Time since last request: 0.282265 seconds.
  path: Assets/Scene/Manager/Persistent_Scene.unity
  artifactKey: Guid(5533f5de0a42a3a4aa5193b9fc8de542) Importer(815301076,1909f56bfc062723c751e8b465ee728b)
Start importing Assets/Scene/Manager/Persistent_Scene.unity using Guid(5533f5de0a42a3a4aa5193b9fc8de542) Importer(815301076,1909f56bfc062723c751e8b465ee728b)  -> (artifact id: '3f763a16311adfeeada06c7bc637d3f9') in 0.013399 seconds
  Import took 0.016515 seconds .

========================================================================
Received Import Request.
  Time since last request: 4.723523 seconds.
  path: Assets/Scene/Manager/Main_Menu_Scene.unity
  artifactKey: Guid(aaa843a9c7b52204380a3afa7a39ee4c) Importer(815301076,1909f56bfc062723c751e8b465ee728b)
Start importing Assets/Scene/Manager/Main_Menu_Scene.unity using Guid(aaa843a9c7b52204380a3afa7a39ee4c) Importer(815301076,1909f56bfc062723c751e8b465ee728b)  -> (artifact id: 'ea15a535d6530ef8b7ac2e99d3fa7a27') in 0.017029 seconds
  Import took 0.021810 seconds .

========================================================================
Received Prepare
Registering precompiled user dll's ...
Registered in 0.001407 seconds.
Begin MonoManager ReloadAssembly
Native extension for WindowsStandalone target not found
Refreshing native plugins compatible for Editor in 0.31 ms, found 0 plugins.
Preloading 0 native plugins for Editor in 0.00 ms.
Mono: successfully reloaded assembly
- Completed reload, in  1.451 seconds
Platform modules already initialized, skipping
Refreshing native plugins compatible for Editor in 0.77 ms, found 0 plugins.
Preloading 0 native plugins for Editor in 0.00 ms.
Unloading 1158 Unused Serialized files (Serialized files now loaded: 0)
System memory in use before: 59.9 MB.
System memory in use after: 59.9 MB.

Unloading 5 unused Assets to reduce memory usage. Loaded Objects now: 1686.
Total: 5.473600 ms (FindLiveObjects: 1.787100 ms CreateObjectMapping: 0.304500 ms MarkObjects: 3.284100 ms  DeleteObjects: 0.091800 ms)

========================================================================
Received Prepare
Registering precompiled user dll's ...
Registered in 0.001054 seconds.
Begin MonoManager ReloadAssembly
Native extension for WindowsStandalone target not found
Refreshing native plugins compatible for Editor in 1.77 ms, found 0 plugins.
Preloading 0 native plugins for Editor in 0.00 ms.
Mono: successfully reloaded assembly
- Completed reload, in  4.987 seconds
Platform modules already initialized, skipping
Refreshing native plugins compatible for Editor in 0.86 ms, found 0 plugins.
Preloading 0 native plugins for Editor in 0.00 ms.
Unloading 1158 Unused Serialized files (Serialized files now loaded: 0)
System memory in use before: 59.9 MB.
System memory in use after: 59.9 MB.

Unloading 5 unused Assets to reduce memory usage. Loaded Objects now: 1689.
Total: 9.951100 ms (FindLiveObjects: 0.734900 ms CreateObjectMapping: 0.095700 ms MarkObjects: 8.714200 ms  DeleteObjects: 0.397100 ms)

========================================================================
Received Prepare
Registering precompiled user dll's ...
Registered in 0.001250 seconds.
Begin MonoManager ReloadAssembly
Native extension for WindowsStandalone target not found
Refreshing native plugins compatible for Editor in 0.49 ms, found 0 plugins.
Preloading 0 native plugins for Editor in 0.00 ms.
Mono: successfully reloaded assembly
- Completed reload, in  2.016 seconds
Platform modules already initialized, skipping
Refreshing native plugins compatible for Editor in 0.53 ms, found 0 plugins.
Preloading 0 native plugins for Editor in 0.00 ms.
Unloading 1158 Unused Serialized files (Serialized files now loaded: 0)
System memory in use before: 59.9 MB.
System memory in use after: 59.9 MB.

Unloading 5 unused Assets to reduce memory usage. Loaded Objects now: 1692.
Total: 6.939200 ms (FindLiveObjects: 1.291300 ms CreateObjectMapping: 0.207700 ms MarkObjects: 5.260200 ms  DeleteObjects: 0.174700 ms)

========================================================================
Received Prepare
Registering precompiled user dll's ...
Registered in 0.001359 seconds.
Begin MonoManager ReloadAssembly
Native extension for WindowsStandalone target not found
Refreshing native plugins compatible for Editor in 0.94 ms, found 0 plugins.
Preloading 0 native plugins for Editor in 0.00 ms.
Mono: successfully reloaded assembly
- Completed reload, in  5.542 seconds
Platform modules already initialized, skipping
Refreshing native plugins compatible for Editor in 0.58 ms, found 0 plugins.
Preloading 0 native plugins for Editor in 0.00 ms.
Unloading 1158 Unused Serialized files (Serialized files now loaded: 0)
System memory in use before: 59.9 MB.
System memory in use after: 59.9 MB.

Unloading 5 unused Assets to reduce memory usage. Loaded Objects now: 1695.
Total: 5.767300 ms (FindLiveObjects: 0.363500 ms CreateObjectMapping: 0.178300 ms MarkObjects: 4.517900 ms  DeleteObjects: 0.703800 ms)

========================================================================
Received Import Request.
  Time since last request: 1460.408276 seconds.
  path: Assets/Scene/Kalat Scenes/Kalat_Scenes.unity
  artifactKey: Guid(a81c201ad02c9894d98101959d04bc15) Importer(815301076,1909f56bfc062723c751e8b465ee728b)
Start importing Assets/Scene/Kalat Scenes/Kalat_Scenes.unity using Guid(a81c201ad02c9894d98101959d04bc15) Importer(815301076,1909f56bfc062723c751e8b465ee728b)  -> (artifact id: '683870b216daae645c19fe450f0c306f') in 0.027779 seconds
  Import took 0.033659 seconds .

========================================================================
Received Prepare
Registering precompiled user dll's ...
Registered in 0.000953 seconds.
Begin MonoManager ReloadAssembly
Native extension for WindowsStandalone target not found
Refreshing native plugins compatible for Editor in 0.36 ms, found 0 plugins.
Preloading 0 native plugins for Editor in 0.00 ms.
Mono: successfully reloaded assembly
- Completed reload, in  1.365 seconds
Platform modules already initialized, skipping
Refreshing native plugins compatible for Editor in 0.41 ms, found 0 plugins.
Preloading 0 native plugins for Editor in 0.00 ms.
Unloading 1158 Unused Serialized files (Serialized files now loaded: 0)
System memory in use before: 59.9 MB.
System memory in use after: 60.0 MB.

Unloading 5 unused Assets to reduce memory usage. Loaded Objects now: 1698.
Total: 2.556900 ms (FindLiveObjects: 0.210600 ms CreateObjectMapping: 0.042600 ms MarkObjects: 2.222100 ms  DeleteObjects: 0.079100 ms)

========================================================================
Received Import Request.
  Time since last request: 23.375712 seconds.
  path: Assets/Scene/Manager/Main_Menu_Scene.unity
  artifactKey: Guid(aaa843a9c7b52204380a3afa7a39ee4c) Importer(815301076,1909f56bfc062723c751e8b465ee728b)
Start importing Assets/Scene/Manager/Main_Menu_Scene.unity using Guid(aaa843a9c7b52204380a3afa7a39ee4c) Importer(815301076,1909f56bfc062723c751e8b465ee728b)  -> (artifact id: '1a57b61422f92c43c1160d6938efcf80') in 0.024592 seconds
  Import took 0.028375 seconds .

========================================================================
Received Prepare
Registering precompiled user dll's ...
Registered in 0.001441 seconds.
Begin MonoManager ReloadAssembly
Native extension for WindowsStandalone target not found
Refreshing native plugins compatible for Editor in 0.28 ms, found 0 plugins.
Preloading 0 native plugins for Editor in 0.00 ms.
Mono: successfully reloaded assembly
- Completed reload, in  1.364 seconds
Platform modules already initialized, skipping
Refreshing native plugins compatible for Editor in 0.43 ms, found 0 plugins.
Preloading 0 native plugins for Editor in 0.00 ms.
Unloading 1158 Unused Serialized files (Serialized files now loaded: 0)
System memory in use before: 59.9 MB.
System memory in use after: 60.0 MB.

Unloading 5 unused Assets to reduce memory usage. Loaded Objects now: 1701.
Total: 2.440200 ms (FindLiveObjects: 0.220900 ms CreateObjectMapping: 0.038700 ms MarkObjects: 2.102700 ms  DeleteObjects: 0.075700 ms)

========================================================================
Received Prepare
Registering precompiled user dll's ...
Registered in 0.001427 seconds.
Begin MonoManager ReloadAssembly
Native extension for WindowsStandalone target not found
Refreshing native plugins compatible for Editor in 0.50 ms, found 0 plugins.
Preloading 0 native plugins for Editor in 0.00 ms.
Mono: successfully reloaded assembly
- Completed reload, in  1.920 seconds
Platform modules already initialized, skipping
Refreshing native plugins compatible for Editor in 0.48 ms, found 0 plugins.
Preloading 0 native plugins for Editor in 0.00 ms.
Unloading 1158 Unused Serialized files (Serialized files now loaded: 0)
System memory in use before: 59.9 MB.
System memory in use after: 60.0 MB.

Unloading 5 unused Assets to reduce memory usage. Loaded Objects now: 1704.
Total: 3.283000 ms (FindLiveObjects: 0.296500 ms CreateObjectMapping: 0.069100 ms MarkObjects: 2.820900 ms  DeleteObjects: 0.094100 ms)

========================================================================
Received Prepare
Registering precompiled user dll's ...
Registered in 0.001037 seconds.
Begin MonoManager ReloadAssembly
Native extension for WindowsStandalone target not found
Refreshing native plugins compatible for Editor in 0.59 ms, found 0 plugins.
Preloading 0 native plugins for Editor in 0.00 ms.
Mono: successfully reloaded assembly
- Completed reload, in  1.194 seconds
Platform modules already initialized, skipping
Refreshing native plugins compatible for Editor in 0.31 ms, found 0 plugins.
Preloading 0 native plugins for Editor in 0.00 ms.
Unloading 1158 Unused Serialized files (Serialized files now loaded: 0)
System memory in use before: 59.9 MB.
System memory in use after: 60.0 MB.

Unloading 5 unused Assets to reduce memory usage. Loaded Objects now: 1707.
Total: 2.346100 ms (FindLiveObjects: 0.211700 ms CreateObjectMapping: 0.034600 ms MarkObjects: 2.016600 ms  DeleteObjects: 0.081300 ms)

========================================================================
Received Prepare
Registering precompiled user dll's ...
Registered in 0.001013 seconds.
Begin MonoManager ReloadAssembly
Native extension for WindowsStandalone target not found
Refreshing native plugins compatible for Editor in 1.11 ms, found 0 plugins.
Preloading 0 native plugins for Editor in 0.00 ms.
Mono: successfully reloaded assembly
- Completed reload, in  1.548 seconds
Platform modules already initialized, skipping
Refreshing native plugins compatible for Editor in 0.29 ms, found 0 plugins.
Preloading 0 native plugins for Editor in 0.00 ms.
Unloading 1158 Unused Serialized files (Serialized files now loaded: 0)
System memory in use before: 59.9 MB.
System memory in use after: 60.0 MB.

Unloading 5 unused Assets to reduce memory usage. Loaded Objects now: 1710.
Total: 2.372600 ms (FindLiveObjects: 0.359400 ms CreateObjectMapping: 0.084600 ms MarkObjects: 1.854600 ms  DeleteObjects: 0.071700 ms)

========================================================================
Received Import Request.
  Time since last request: 4976.431324 seconds.
  path: Assets/Prefabs
  artifactKey: Guid(fea35527f0bf2ff48bb8b5a57c99a08b) Importer(815301076,1909f56bfc062723c751e8b465ee728b)
Start importing Assets/Prefabs using Guid(fea35527f0bf2ff48bb8b5a57c99a08b) Importer(815301076,1909f56bfc062723c751e8b465ee728b)  -> (artifact id: '43266111c0f2324e57b855bed0917a33') in 0.422581 seconds
  Import took 0.590698 seconds .

========================================================================
Received Import Request.
  Time since last request: 3.317685 seconds.
  path: Assets/UI Manager
  artifactKey: Guid(780a91b3141ccd243b498f60da288ded) Importer(815301076,1909f56bfc062723c751e8b465ee728b)
Start importing Assets/UI Manager using Guid(780a91b3141ccd243b498f60da288ded) Importer(815301076,1909f56bfc062723c751e8b465ee728b)  -> (artifact id: 'c4fef6a7901257c481c548034b744e20') in 0.022693 seconds
  Import took 0.027630 seconds .

========================================================================
Received Import Request.
  Time since last request: 2.847913 seconds.
  path: Assets/UI Manager/Prefabs
  artifactKey: Guid(cf6ffcb3b227751499b027c239a52817) Importer(815301076,1909f56bfc062723c751e8b465ee728b)
Start importing Assets/UI Manager/Prefabs using Guid(cf6ffcb3b227751499b027c239a52817) Importer(815301076,1909f56bfc062723c751e8b465ee728b)  -> (artifact id: '3ad1e29113404c8d37b17fd027e69603') in 0.010020 seconds
  Import took 0.017056 seconds .

========================================================================
Received Import Request.
  Time since last request: 0.297925 seconds.
  path: Assets/UI Manager/Scripts
  artifactKey: Guid(8c4a782aaa3f3484c8174f5c5e3294c3) Importer(815301076,1909f56bfc062723c751e8b465ee728b)
Start importing Assets/UI Manager/Scripts using Guid(8c4a782aaa3f3484c8174f5c5e3294c3) Importer(815301076,1909f56bfc062723c751e8b465ee728b)  -> (artifact id: '97c86dec787eccc20f7172332900857a') in 0.016804 seconds
  Import took 0.021072 seconds .

========================================================================
Received Import Request.
  Time since last request: 0.264724 seconds.
  path: Assets/UI Manager/Sprites
  artifactKey: Guid(41faf2141c42bf54ab858c27a77b843d) Importer(815301076,1909f56bfc062723c751e8b465ee728b)
Start importing Assets/UI Manager/Sprites using Guid(41faf2141c42bf54ab858c27a77b843d) Importer(815301076,1909f56bfc062723c751e8b465ee728b)  -> (artifact id: 'f8a73bbcfaf2ad169a30384d3190c05e') in 0.016105 seconds
  Import took 0.020493 seconds .

========================================================================
Received Import Request.
  Time since last request: 21.829497 seconds.
  path: Assets/UI Manager/Font Assets
  artifactKey: Guid(d7bc242c4e5f80e45ae2666535d018ad) Importer(815301076,1909f56bfc062723c751e8b465ee728b)
Start importing Assets/UI Manager/Font Assets using Guid(d7bc242c4e5f80e45ae2666535d018ad) Importer(815301076,1909f56bfc062723c751e8b465ee728b)  -> (artifact id: '5cca6319bd6b7fa96504df94592be2bc') in 0.023339 seconds
  Import took 0.027094 seconds .

========================================================================
Received Import Request.
  Time since last request: 3.194728 seconds.
  path: Assets/UI Manager/Sprites/Trophy.png
  artifactKey: Guid(0fec090974bc1284ebb022e9d44dbc6a) Importer(815301076,1909f56bfc062723c751e8b465ee728b)
Start importing Assets/UI Manager/Sprites/Trophy.png using Guid(0fec090974bc1284ebb022e9d44dbc6a) Importer(815301076,1909f56bfc062723c751e8b465ee728b)  -> (artifact id: '77451c54bb6699e78f86a5cf8148169a') in 0.694562 seconds
  Import took 0.700315 seconds .

========================================================================
Received Import Request.
  Time since last request: 7.754041 seconds.
  path: Assets/UI Manager/Sprites/Trophy.png
  artifactKey: Guid(0fec090974bc1284ebb022e9d44dbc6a) Importer(815301076,1909f56bfc062723c751e8b465ee728b)
Start importing Assets/UI Manager/Sprites/Trophy.png using Guid(0fec090974bc1284ebb022e9d44dbc6a) Importer(815301076,1909f56bfc062723c751e8b465ee728b)  -> (artifact id: 'f2539519f52ce2a8b0cfbe9c1d3f357f') in 0.226470 seconds
  Import took 0.232659 seconds .

========================================================================
Received Import Request.
  Time since last request: 6.579372 seconds.
  path: Assets/UI Manager/Sprites/Shop_Icon.png
  artifactKey: Guid(716b3339282ae3f41856b7e04c81d999) Importer(815301076,1909f56bfc062723c751e8b465ee728b)
Start importing Assets/UI Manager/Sprites/Shop_Icon.png using Guid(716b3339282ae3f41856b7e04c81d999) Importer(815301076,1909f56bfc062723c751e8b465ee728b)  -> (artifact id: 'c32e11133c6512fb11e9f9a7a764f928') in 0.050720 seconds
  Import took 0.057209 seconds .

========================================================================
Received Prepare
Registering precompiled user dll's ...
Registered in 0.003483 seconds.
Begin MonoManager ReloadAssembly
Native extension for WindowsStandalone target not found
Refreshing native plugins compatible for Editor in 0.47 ms, found 0 plugins.
Preloading 0 native plugins for Editor in 0.00 ms.
Mono: successfully reloaded assembly
- Completed reload, in  1.334 seconds
Platform modules already initialized, skipping
Refreshing native plugins compatible for Editor in 0.37 ms, found 0 plugins.
Preloading 0 native plugins for Editor in 0.00 ms.
Unloading 1158 Unused Serialized files (Serialized files now loaded: 0)
System memory in use before: 63.0 MB.
System memory in use after: 63.1 MB.

Unloading 5 unused Assets to reduce memory usage. Loaded Objects now: 1721.
Total: 2.478200 ms (FindLiveObjects: 0.185600 ms CreateObjectMapping: 0.031500 ms MarkObjects: 2.187000 ms  DeleteObjects: 0.072300 ms)

========================================================================
Received Prepare
Registering precompiled user dll's ...
Registered in 0.001354 seconds.
Begin MonoManager ReloadAssembly
Native extension for WindowsStandalone target not found
Refreshing native plugins compatible for Editor in 0.92 ms, found 0 plugins.
Preloading 0 native plugins for Editor in 0.00 ms.
Mono: successfully reloaded assembly
- Completed reload, in  1.976 seconds
Platform modules already initialized, skipping
Refreshing native plugins compatible for Editor in 0.64 ms, found 0 plugins.
Preloading 0 native plugins for Editor in 0.00 ms.
Unloading 1158 Unused Serialized files (Serialized files now loaded: 0)
System memory in use before: 63.0 MB.
System memory in use after: 63.1 MB.

Unloading 5 unused Assets to reduce memory usage. Loaded Objects now: 1724.
Total: 4.681900 ms (FindLiveObjects: 0.637100 ms CreateObjectMapping: 0.154500 ms MarkObjects: 3.726300 ms  DeleteObjects: 0.159000 ms)

========================================================================
Received Import Request.
  Time since last request: 846.670015 seconds.
  path: Assets/Scene/Single Player
  artifactKey: Guid(a77a3e5007d82b34ba5b06e69cacd287) Importer(815301076,1909f56bfc062723c751e8b465ee728b)
Start importing Assets/Scene/Single Player using Guid(a77a3e5007d82b34ba5b06e69cacd287) Importer(815301076,1909f56bfc062723c751e8b465ee728b)  -> (artifact id: '94d9c14af2ae769a0e2cdda6241495bd') in 0.022304 seconds
  Import took 0.026504 seconds .

========================================================================
Received Import Request.
  Time since last request: 3.688028 seconds.
  path: Assets/Scene/Manager/Opening_Game_Scene.unity
  artifactKey: Guid(d3f6511e882f0d343ae2942a763e8fd3) Importer(815301076,1909f56bfc062723c751e8b465ee728b)
Start importing Assets/Scene/Manager/Opening_Game_Scene.unity using Guid(d3f6511e882f0d343ae2942a763e8fd3) Importer(815301076,1909f56bfc062723c751e8b465ee728b)  -> (artifact id: '6f92ce9b1da3e331b4272561dfbe89ff') in 0.027687 seconds
  Import took 0.031780 seconds .

========================================================================
Received Prepare
Registering precompiled user dll's ...
Registered in 0.001673 seconds.
Begin MonoManager ReloadAssembly
Native extension for WindowsStandalone target not found
Refreshing native plugins compatible for Editor in 0.33 ms, found 0 plugins.
Preloading 0 native plugins for Editor in 0.00 ms.
Mono: successfully reloaded assembly
- Completed reload, in  1.334 seconds
Platform modules already initialized, skipping
Refreshing native plugins compatible for Editor in 0.32 ms, found 0 plugins.
Preloading 0 native plugins for Editor in 0.00 ms.
Unloading 1158 Unused Serialized files (Serialized files now loaded: 0)
System memory in use before: 63.0 MB.
System memory in use after: 63.1 MB.

Unloading 5 unused Assets to reduce memory usage. Loaded Objects now: 1727.
Total: 2.244700 ms (FindLiveObjects: 0.291800 ms CreateObjectMapping: 0.053400 ms MarkObjects: 1.825300 ms  DeleteObjects: 0.072700 ms)

AssetImportWorkerClient::OnTransportError - code=2 error=End of file
