Using pre-set license
Built from '2020.3/staging' branch; Version is '2020.3.19f1 (68f137dc9bbe) revision 6877495'; Using compiler version '192528614'; Build Type 'Release'
OS: 'Windows 10 Home Single Language; OS build 19042.1348; Version 2009; 64bit' Language: 'en' Physical Memory: 8002 MB
BatchMode: 1, IsHumanControllingUs: 0, StartBugReporterOnCrash: 0, Is64bit: 1, IsPro: 0

COMMAND LINE ARGUMENTS:
C:\Program Files\Unity\Hub\Editor\2020.3.19f1\Editor\Unity.exe
-adb2
-batchMode
-noUpm
-name
AssetImportWorker3
-projectPath
D:/TuxThesis/GameDevelopment
-logFile
Logs/AssetImportWorker3.log
-srvPort
49251
Successfully changed project path to: D:/TuxThesis/GameDevelopment
D:/TuxThesis/GameDevelopment
Using Asset Import Pipeline V2.
Refreshing native plugins compatible for Editor in 55.62 ms, found 2 plugins.
Preloading 0 native plugins for Editor in 0.00 ms.
Initialize engine version: 2020.3.19f1 (68f137dc9bbe)
[Subsystems] Discovering subsystems at path C:/Program Files/Unity/Hub/Editor/2020.3.19f1/Editor/Data/Resources/UnitySubsystems
[Subsystems] Discovering subsystems at path D:/TuxThesis/GameDevelopment/Assets
GfxDevice: creating device client; threaded=0
Direct3D:
    Version:  Direct3D 11.0 [level 11.1]
    Renderer: Radeon RX 560X (ID=0x67ef)
    Vendor:   
    VRAM:     4077 MB
    Driver:   26.20.12036.4002
Initialize mono
Mono path[0] = 'C:/Program Files/Unity/Hub/Editor/2020.3.19f1/Editor/Data/Managed'
Mono path[1] = 'C:/Program Files/Unity/Hub/Editor/2020.3.19f1/Editor/Data/MonoBleedingEdge/lib/mono/unityjit'
Mono config path = 'C:/Program Files/Unity/Hub/Editor/2020.3.19f1/Editor/Data/MonoBleedingEdge/etc'
Using monoOptions --debugger-agent=transport=dt_socket,embedding=1,server=y,suspend=n,address=127.0.0.1:56824
Begin MonoManager ReloadAssembly
Registering precompiled unity dll's ...
Register platform support module: C:/Program Files/Unity/Hub/Editor/2020.3.19f1/Editor/Data/PlaybackEngines/WindowsStandaloneSupport/UnityEditor.WindowsStandalone.Extensions.dll
Registered in 0.004298 seconds.
Native extension for WindowsStandalone target not found
Refreshing native plugins compatible for Editor in 44.57 ms, found 2 plugins.
Preloading 0 native plugins for Editor in 0.00 ms.
Mono: successfully reloaded assembly
- Completed reload, in  2.002 seconds
Domain Reload Profiling:
	ReloadAssembly (2017ms)
		BeginReloadAssembly (108ms)
			ExecutionOrderSort (0ms)
			DisableScriptedObjects (0ms)
			BackupInstance (0ms)
			ReleaseScriptingObjects (0ms)
			CreateAndSetChildDomain (1ms)
		EndReloadAssembly (822ms)
			LoadAssemblies (93ms)
			RebuildTransferFunctionScriptingTraits (0ms)
			SetupTypeCache (279ms)
			ReleaseScriptCaches (0ms)
			RebuildScriptCaches (47ms)
			SetupLoadedEditorAssemblies (314ms)
				LogAssemblyErrors (0ms)
				InitializePlatformSupportModulesInManaged (10ms)
				SetLoadedEditorAssemblies (1ms)
				RefreshPlugins (88ms)
				BeforeProcessingInitializeOnLoad (25ms)
				ProcessInitializeOnLoadAttributes (133ms)
				ProcessInitializeOnLoadMethodAttributes (56ms)
				AfterProcessingInitializeOnLoad (0ms)
				EditorAssembliesLoaded (1ms)
			ExecutionOrderSort2 (0ms)
			AwakeInstancesAfterBackupRestoration (0ms)
Platform modules already initialized, skipping
Registering precompiled user dll's ...
Registered in 0.003649 seconds.
Begin MonoManager ReloadAssembly
Native extension for WindowsStandalone target not found
Refreshing native plugins compatible for Editor in 0.71 ms, found 2 plugins.
Preloading 0 native plugins for Editor in 0.00 ms.
Mono: successfully reloaded assembly
- Completed reload, in  4.243 seconds
Domain Reload Profiling:
	ReloadAssembly (4267ms)
		BeginReloadAssembly (271ms)
			ExecutionOrderSort (0ms)
			DisableScriptedObjects (7ms)
			BackupInstance (0ms)
			ReleaseScriptingObjects (0ms)
			CreateAndSetChildDomain (34ms)
		EndReloadAssembly (3860ms)
			LoadAssemblies (2513ms)
			RebuildTransferFunctionScriptingTraits (0ms)
			SetupTypeCache (424ms)
			ReleaseScriptCaches (1ms)
			RebuildScriptCaches (56ms)
			SetupLoadedEditorAssemblies (661ms)
				LogAssemblyErrors (0ms)
				InitializePlatformSupportModulesInManaged (14ms)
				SetLoadedEditorAssemblies (1ms)
				RefreshPlugins (20ms)
				BeforeProcessingInitializeOnLoad (190ms)
				ProcessInitializeOnLoadAttributes (413ms)
				ProcessInitializeOnLoadMethodAttributes (12ms)
				AfterProcessingInitializeOnLoad (12ms)
				EditorAssembliesLoaded (1ms)
			ExecutionOrderSort2 (0ms)
			AwakeInstancesAfterBackupRestoration (16ms)
Platform modules already initialized, skipping
========================================================================
Worker process is ready to serve import requests
Launched and connected shader compiler UnityShaderCompiler.exe after 0.10 seconds
Refreshing native plugins compatible for Editor in 0.58 ms, found 2 plugins.
Preloading 0 native plugins for Editor in 0.00 ms.
Unloading 1403 Unused Serialized files (Serialized files now loaded: 0)
System memory in use before: 64.9 MB.
System memory in use after: 65.0 MB.

Unloading 16 unused Assets to reduce memory usage. Loaded Objects now: 1838.
Total: 8.172900 ms (FindLiveObjects: 0.303500 ms CreateObjectMapping: 0.060600 ms MarkObjects: 7.680300 ms  DeleteObjects: 0.125700 ms)

AssetImportParameters requested are different than current active one (requested -> active):
  custom:framework-win-MediaFoundation: 216162199b28c13a410421893ffa2e32 -> 
  custom:video-decoder-ogg-theora: a1e56fd34408186e4bbccfd4996cb3dc -> 
  custom:container-muxer-webm: aa71ff27fc2769a1b78a27578f13a17b -> 
  custom:container-demuxer-webm: 4f35f7cbe854078d1ac9338744f61a02 -> 
  custom:container-demuxer-ogg: 62fdf1f143b41e24485cea50d1cbac27 -> 
  custom:video-encoder-webm-vp8: eb34c28f22e8b96e1ab97ce403110664 -> 
  custom:video-codec-MediaFoundation-h265: 746d11721c4dcdbdad8f713fa42b33f4 -> 
  custom:video-decoder-webm-vp8: 9c59270c3fd7afecdb556c50c9e8de78 -> 
  custom:audio-decoder-ogg-vorbis: bf7c407c2cedff20999df2af8eb42d56 -> 
  custom:audio-encoder-webm-vorbis: bf7c407c2cedff20999df2af8eb42d56 -> 
========================================================================
Received Import Request.
  path: Assets/Script
  artifactKey: Guid(7d95fceffea89694c8e99442a09404df) Importer(815301076,1909f56bfc062723c751e8b465ee728b)
Start importing Assets/Script using Guid(7d95fceffea89694c8e99442a09404df) Importer(815301076,1909f56bfc062723c751e8b465ee728b)  -> (artifact id: 'c3a39050113a8f1ac951d7db3686347d') in 0.020627 seconds 
  Import took 0.086164 seconds .

========================================================================
Received Import Request.
  Time since last request: 0.001738 seconds.
  path: Assets/Scene
  artifactKey: Guid(2010e2b566078484fb2b82d21cf3cdc0) Importer(815301076,1909f56bfc062723c751e8b465ee728b)
Start importing Assets/Scene using Guid(2010e2b566078484fb2b82d21cf3cdc0) Importer(815301076,1909f56bfc062723c751e8b465ee728b)  -> (artifact id: '1ac1516f2e3f6362fe0353bde330ad84') in 0.010077 seconds 
  Import took 0.213609 seconds .

========================================================================
Received Import Request.
  Time since last request: 0.001023 seconds.
  path: Assets/Extensions
  artifactKey: Guid(e3d968db7464af94a8ffe3bc03930a74) Importer(815301076,1909f56bfc062723c751e8b465ee728b)
Start importing Assets/Extensions using Guid(e3d968db7464af94a8ffe3bc03930a74) Importer(815301076,1909f56bfc062723c751e8b465ee728b)  -> (artifact id: '3d821441103836d8f0e06fa94756e8f2') in 0.111280 seconds 
  Import took 0.196758 seconds .

========================================================================
Received Import Request.
  Time since last request: 0.010010 seconds.
  path: Assets/Script/Player/Player Data Flow
  artifactKey: Guid(7636a765370115641b6960d40fcbc176) Importer(815301076,1909f56bfc062723c751e8b465ee728b)
Start importing Assets/Script/Player/Player Data Flow using Guid(7636a765370115641b6960d40fcbc176) Importer(815301076,1909f56bfc062723c751e8b465ee728b)  -> (artifact id: '2baec776352266180b82ca0efdb05557') in 0.070849 seconds 
  Import took 0.198191 seconds .

========================================================================
Received Import Request.
  Time since last request: 0.002140 seconds.
  path: Assets/Prefabs
  artifactKey: Guid(fea35527f0bf2ff48bb8b5a57c99a08b) Importer(815301076,1909f56bfc062723c751e8b465ee728b)
Start importing Assets/Prefabs using Guid(fea35527f0bf2ff48bb8b5a57c99a08b) Importer(815301076,1909f56bfc062723c751e8b465ee728b)  -> (artifact id: '7e9f60d3a0bc8a9a1145316e86a8c2f0') in 0.043351 seconds 
  Import took 0.126121 seconds .

========================================================================
Received Import Request.
  Time since last request: 0.018750 seconds.
  path: Assets/Script/Player
  artifactKey: Guid(19b227e29913cc74aa078011286e6e49) Importer(815301076,1909f56bfc062723c751e8b465ee728b)
Start importing Assets/Script/Player using Guid(19b227e29913cc74aa078011286e6e49) Importer(815301076,1909f56bfc062723c751e8b465ee728b)  -> (artifact id: 'd5382dce2b02f3eb2dbd947ff5a12775') in 0.016041 seconds 
  Import took 0.198764 seconds .

========================================================================
Received Import Request.
  Time since last request: 350.576336 seconds.
  path: Assets/Scripts
  artifactKey: Guid(64d60a71fc71c354ebb4d4187fd3245c) Importer(815301076,1909f56bfc062723c751e8b465ee728b)
Start importing Assets/Scripts using Guid(64d60a71fc71c354ebb4d4187fd3245c) Importer(815301076,1909f56bfc062723c751e8b465ee728b)  -> (artifact id: 'd8f5d980997d6ff9417c7c6bdfb515f9') in 0.012571 seconds 
  Import took 0.025256 seconds .

========================================================================
Received Import Request.
  Time since last request: 1.024189 seconds.
  path: Assets/Scripts/CMF Scripts
  artifactKey: Guid(2818891c631c0f247a757201dbb84678) Importer(815301076,1909f56bfc062723c751e8b465ee728b)
Start importing Assets/Scripts/CMF Scripts using Guid(2818891c631c0f247a757201dbb84678) Importer(815301076,1909f56bfc062723c751e8b465ee728b)  -> (artifact id: 'abc364d5a461c7846299644a1c71d8d7') in 0.005734 seconds 
  Import took 0.085862 seconds .

========================================================================
Received Import Request.
  Time since last request: 5.813213 seconds.
  path: Assets/Tutorial
  artifactKey: Guid(e461a4185354ce9418de15595f711968) Importer(815301076,1909f56bfc062723c751e8b465ee728b)
Start importing Assets/Tutorial using Guid(e461a4185354ce9418de15595f711968) Importer(815301076,1909f56bfc062723c751e8b465ee728b)  -> (artifact id: 'de8944a530e1beb70e0e223404f12cf7') in 0.005794 seconds 
  Import took 0.014152 seconds .

========================================================================
Received Import Request.
  Time since last request: 0.084767 seconds.
  path: Assets/Tutorial/TutorialStage.fbx
  artifactKey: Guid(0f6f06f4daf80c949ad64f8c424795db) Importer(815301076,1909f56bfc062723c751e8b465ee728b)
Start importing Assets/Tutorial/TutorialStage.fbx using Guid(0f6f06f4daf80c949ad64f8c424795db) Importer(815301076,1909f56bfc062723c751e8b465ee728b)  -> (artifact id: 'd274e4b48e8f8a1acc5eb83d2cfc78f5') in 0.773133 seconds 
  Import took 0.783773 seconds .

========================================================================
Received Import Request.
  Time since last request: 0.897537 seconds.
  path: Assets/Tutorial/Scripts
  artifactKey: Guid(673f6767bb4e86b4db1f301150dd5b4b) Importer(815301076,1909f56bfc062723c751e8b465ee728b)
Start importing Assets/Tutorial/Scripts using Guid(673f6767bb4e86b4db1f301150dd5b4b) Importer(815301076,1909f56bfc062723c751e8b465ee728b)  -> (artifact id: '948f040494daacb147da3755a067410a') in 0.004596 seconds 
  Import took 0.018066 seconds .

========================================================================
Received Import Request.
  Time since last request: 1.409844 seconds.
  path: Assets/Tutorial/Scripts/CMFreelookOnlyWhenRightMouseDown.cs
  artifactKey: Guid(2e9550303259bc448be6f69f16212ca1) Importer(815301076,1909f56bfc062723c751e8b465ee728b)
Start importing Assets/Tutorial/Scripts/CMFreelookOnlyWhenRightMouseDown.cs using Guid(2e9550303259bc448be6f69f16212ca1) Importer(815301076,1909f56bfc062723c751e8b465ee728b)  -> (artifact id: '610d682230d6d1dafd7c8cb3d79eee21') in 0.007567 seconds 
  Import took 0.084586 seconds .

========================================================================
Received Import Request.
  Time since last request: 0.313333 seconds.
  path: Assets/Tutorial/Scripts/CinemachineCoreGetInputTouchAxis.cs
  artifactKey: Guid(4cb3477666a928e449aa7ef1785d2fb3) Importer(815301076,1909f56bfc062723c751e8b465ee728b)
Start importing Assets/Tutorial/Scripts/CinemachineCoreGetInputTouchAxis.cs using Guid(4cb3477666a928e449aa7ef1785d2fb3) Importer(815301076,1909f56bfc062723c751e8b465ee728b)  -> (artifact id: 'd8c96a6eabe0b07c516c289e181dc298') in 0.004988 seconds 
  Import took 0.018860 seconds .

========================================================================
Received Prepare
Registering precompiled user dll's ...
Registered in 0.009933 seconds.
Begin MonoManager ReloadAssembly
Native extension for WindowsStandalone target not found
Refreshing native plugins compatible for Editor in 0.52 ms, found 2 plugins.
Preloading 0 native plugins for Editor in 0.00 ms.
Mono: successfully reloaded assembly
- Completed reload, in  1.656 seconds
Domain Reload Profiling:
	ReloadAssembly (1659ms)
		BeginReloadAssembly (209ms)
			ExecutionOrderSort (0ms)
			DisableScriptedObjects (8ms)
			BackupInstance (0ms)
			ReleaseScriptingObjects (0ms)
			CreateAndSetChildDomain (73ms)
		EndReloadAssembly (1327ms)
			LoadAssemblies (164ms)
			RebuildTransferFunctionScriptingTraits (0ms)
			SetupTypeCache (482ms)
			ReleaseScriptCaches (1ms)
			RebuildScriptCaches (68ms)
			SetupLoadedEditorAssemblies (482ms)
				LogAssemblyErrors (0ms)
				InitializePlatformSupportModulesInManaged (7ms)
				SetLoadedEditorAssemblies (1ms)
				RefreshPlugins (1ms)
				BeforeProcessingInitializeOnLoad (168ms)
				ProcessInitializeOnLoadAttributes (287ms)
				ProcessInitializeOnLoadMethodAttributes (5ms)
				AfterProcessingInitializeOnLoad (12ms)
				EditorAssembliesLoaded (0ms)
			ExecutionOrderSort2 (0ms)
			AwakeInstancesAfterBackupRestoration (10ms)
Platform modules already initialized, skipping
Refreshing native plugins compatible for Editor in 0.53 ms, found 2 plugins.
Preloading 0 native plugins for Editor in 0.00 ms.
Unloading 1438 Unused Serialized files (Serialized files now loaded: 0)
System memory in use before: 69.4 MB.
System memory in use after: 69.5 MB.

Unloading 11 unused Assets to reduce memory usage. Loaded Objects now: 1924.
Total: 3.575100 ms (FindLiveObjects: 0.233800 ms CreateObjectMapping: 0.038600 ms MarkObjects: 3.281300 ms  DeleteObjects: 0.019500 ms)

AssetImportParameters requested are different than current active one (requested -> active):
  custom:framework-win-MediaFoundation: 216162199b28c13a410421893ffa2e32 -> 
  custom:video-decoder-ogg-theora: a1e56fd34408186e4bbccfd4996cb3dc -> 
  custom:container-muxer-webm: aa71ff27fc2769a1b78a27578f13a17b -> 
  custom:container-demuxer-webm: 4f35f7cbe854078d1ac9338744f61a02 -> 
  custom:container-demuxer-ogg: 62fdf1f143b41e24485cea50d1cbac27 -> 
  custom:video-encoder-webm-vp8: eb34c28f22e8b96e1ab97ce403110664 -> 
  custom:video-codec-MediaFoundation-h265: 746d11721c4dcdbdad8f713fa42b33f4 -> 
  custom:video-decoder-webm-vp8: 9c59270c3fd7afecdb556c50c9e8de78 -> 
  custom:audio-decoder-ogg-vorbis: bf7c407c2cedff20999df2af8eb42d56 -> 
  custom:audio-encoder-webm-vorbis: bf7c407c2cedff20999df2af8eb42d56 -> 
========================================================================
Received Import Request.
  Time since last request: 11.683986 seconds.
  path: Assets/Tutorial/TutorialScene.unity
  artifactKey: Guid(3d6453a841a474742916f1c9f2a366eb) Importer(815301076,1909f56bfc062723c751e8b465ee728b)
Start importing Assets/Tutorial/TutorialScene.unity using Guid(3d6453a841a474742916f1c9f2a366eb) Importer(815301076,1909f56bfc062723c751e8b465ee728b)  -> (artifact id: '8d725d50db18c055e6ee105f39be01f4') in 0.048600 seconds 
  Import took 0.061885 seconds .

========================================================================
Received Prepare
Registering precompiled user dll's ...
Registered in 0.005819 seconds.
Begin MonoManager ReloadAssembly
Native extension for WindowsStandalone target not found
Refreshing native plugins compatible for Editor in 0.52 ms, found 2 plugins.
Preloading 0 native plugins for Editor in 0.00 ms.
Mono: successfully reloaded assembly
- Completed reload, in  1.653 seconds
Domain Reload Profiling:
	ReloadAssembly (1654ms)
		BeginReloadAssembly (183ms)
			ExecutionOrderSort (0ms)
			DisableScriptedObjects (7ms)
			BackupInstance (0ms)
			ReleaseScriptingObjects (0ms)
			CreateAndSetChildDomain (54ms)
		EndReloadAssembly (1354ms)
			LoadAssemblies (144ms)
			RebuildTransferFunctionScriptingTraits (0ms)
			SetupTypeCache (375ms)
			ReleaseScriptCaches (1ms)
			RebuildScriptCaches (51ms)
			SetupLoadedEditorAssemblies (657ms)
				LogAssemblyErrors (0ms)
				InitializePlatformSupportModulesInManaged (154ms)
				SetLoadedEditorAssemblies (1ms)
				RefreshPlugins (65ms)
				BeforeProcessingInitializeOnLoad (164ms)
				ProcessInitializeOnLoadAttributes (256ms)
				ProcessInitializeOnLoadMethodAttributes (6ms)
				AfterProcessingInitializeOnLoad (11ms)
				EditorAssembliesLoaded (1ms)
			ExecutionOrderSort2 (0ms)
			AwakeInstancesAfterBackupRestoration (12ms)
Platform modules already initialized, skipping
Refreshing native plugins compatible for Editor in 0.44 ms, found 2 plugins.
Preloading 0 native plugins for Editor in 0.00 ms.
Unloading 1438 Unused Serialized files (Serialized files now loaded: 0)
System memory in use before: 69.4 MB.
System memory in use after: 69.5 MB.

Unloading 11 unused Assets to reduce memory usage. Loaded Objects now: 1926.
Total: 3.374800 ms (FindLiveObjects: 0.243500 ms CreateObjectMapping: 0.038700 ms MarkObjects: 3.070800 ms  DeleteObjects: 0.019600 ms)

AssetImportParameters requested are different than current active one (requested -> active):
  custom:framework-win-MediaFoundation: 216162199b28c13a410421893ffa2e32 -> 
  custom:video-decoder-ogg-theora: a1e56fd34408186e4bbccfd4996cb3dc -> 
  custom:container-muxer-webm: aa71ff27fc2769a1b78a27578f13a17b -> 
  custom:container-demuxer-webm: 4f35f7cbe854078d1ac9338744f61a02 -> 
  custom:container-demuxer-ogg: 62fdf1f143b41e24485cea50d1cbac27 -> 
  custom:video-encoder-webm-vp8: eb34c28f22e8b96e1ab97ce403110664 -> 
  custom:video-codec-MediaFoundation-h265: 746d11721c4dcdbdad8f713fa42b33f4 -> 
  custom:video-decoder-webm-vp8: 9c59270c3fd7afecdb556c50c9e8de78 -> 
  custom:audio-decoder-ogg-vorbis: bf7c407c2cedff20999df2af8eb42d56 -> 
  custom:audio-encoder-webm-vorbis: bf7c407c2cedff20999df2af8eb42d56 -> 
========================================================================
Received Import Request.
  Time since last request: 96.062566 seconds.
  path: Assets/Resources/Untitled 2.mp3
  artifactKey: Guid(f196f0414698cfb45850f96eddf84ca6) Importer(815301076,1909f56bfc062723c751e8b465ee728b)
Start importing Assets/Resources/Untitled 2.mp3 using Guid(f196f0414698cfb45850f96eddf84ca6) Importer(815301076,1909f56bfc062723c751e8b465ee728b)  -> (artifact id: '5b64e2261466b15be989d67af6dc5948') in 0.072745 seconds 
  Import took 0.085264 seconds .

========================================================================
Received Import Request.
  Time since last request: 0.000861 seconds.
  path: Assets/Resources/chopper footsteps.mp3
  artifactKey: Guid(cfd96557add62ca4bbf9a56359e048de) Importer(815301076,1909f56bfc062723c751e8b465ee728b)
Start importing Assets/Resources/chopper footsteps.mp3 using Guid(cfd96557add62ca4bbf9a56359e048de) Importer(815301076,1909f56bfc062723c751e8b465ee728b)  -> (artifact id: 'd4b092dd4d27c199fe9d39fef3cc1ee3') in 0.406262 seconds 
  Import took 0.425292 seconds .

========================================================================
Received Import Request.
  Time since last request: 0.001128 seconds.
  path: Assets/Resources/chop_footsteps.mp3
  artifactKey: Guid(84957beb83140544f9c3c15ad09e293c) Importer(815301076,1909f56bfc062723c751e8b465ee728b)
Start importing Assets/Resources/chop_footsteps.mp3 using Guid(84957beb83140544f9c3c15ad09e293c) Importer(815301076,1909f56bfc062723c751e8b465ee728b)  -> (artifact id: '8b996ba2a99952e7723d63813ebb12f1') in 0.060680 seconds 
  Import took 0.078877 seconds .

========================================================================
Received Import Request.
  Time since last request: 0.000994 seconds.
  path: Assets/Resources/Untitled 4.mp3
  artifactKey: Guid(1e7a81fe1320e3e4abb4b343bb04a03c) Importer(815301076,1909f56bfc062723c751e8b465ee728b)
Start importing Assets/Resources/Untitled 4.mp3 using Guid(1e7a81fe1320e3e4abb4b343bb04a03c) Importer(815301076,1909f56bfc062723c751e8b465ee728b)  -> (artifact id: 'ef4f8aa3067a106dab0eb64c6f5c437a') in 0.027612 seconds 
  Import took 0.125106 seconds .

========================================================================
Received Import Request.
  Time since last request: 0.001592 seconds.
  path: Assets/Resources/Footsteps_1.mp3
  artifactKey: Guid(16f5854489498e74c95042c88b45957b) Importer(815301076,1909f56bfc062723c751e8b465ee728b)
Start importing Assets/Resources/Footsteps_1.mp3 using Guid(16f5854489498e74c95042c88b45957b) Importer(815301076,1909f56bfc062723c751e8b465ee728b)  -> (artifact id: '5c0e83eef5bf91a41558317c9e265652') in 0.020092 seconds 
  Import took 0.037579 seconds .

========================================================================
Received Import Request.
  Time since last request: 0.001690 seconds.
  path: Assets/Resources/Footsteps_2.mp3
  artifactKey: Guid(acc9579c810637041b16ec45ac56e316) Importer(815301076,1909f56bfc062723c751e8b465ee728b)
Start importing Assets/Resources/Footsteps_2.mp3 using Guid(acc9579c810637041b16ec45ac56e316) Importer(815301076,1909f56bfc062723c751e8b465ee728b)  -> (artifact id: '2871b6f73a7b5957bbe5e3471a40be46') in 0.137478 seconds 
  Import took 0.250718 seconds .

========================================================================
Received Import Request.
  Time since last request: 0.814558 seconds.
  path: Assets/Resources/JumpTemp.mp3
  artifactKey: Guid(1e7a81fe1320e3e4abb4b343bb04a03c) Importer(815301076,1909f56bfc062723c751e8b465ee728b)
Start importing Assets/Resources/JumpTemp.mp3 using Guid(1e7a81fe1320e3e4abb4b343bb04a03c) Importer(815301076,1909f56bfc062723c751e8b465ee728b)  -> (artifact id: 'a4a20d049864b73aa6284bc7c0b6208c') in 0.173648 seconds 
  Import took 0.184908 seconds .

========================================================================
Received Import Request.
  Time since last request: 69.300563 seconds.
  path: Assets/Characters/Animations/ArmoredZilch.fbx
  artifactKey: Guid(589873ae519e99741981b12295776767) Importer(815301076,1909f56bfc062723c751e8b465ee728b)
Start importing Assets/Characters/Animations/ArmoredZilch.fbx using Guid(589873ae519e99741981b12295776767) Importer(815301076,1909f56bfc062723c751e8b465ee728b)  -> (artifact id: '5f43805bb70476a7f47b32838baf009a') in 0.808929 seconds 
  Import took 0.822450 seconds .

========================================================================
Received Import Request.
  Time since last request: 0.001040 seconds.
  path: Assets/Characters/Animations/CharAnimator.controller
  artifactKey: Guid(0b605d3b04dee1a44a313159a5c54541) Importer(815301076,1909f56bfc062723c751e8b465ee728b)
Start importing Assets/Characters/Animations/CharAnimator.controller using Guid(0b605d3b04dee1a44a313159a5c54541) Importer(815301076,1909f56bfc062723c751e8b465ee728b)  -> (artifact id: '9597768b6c5ab518f33a12e5531c5037') in 0.125230 seconds 
  Import took 0.142144 seconds .

========================================================================
Received Prepare
Registering precompiled user dll's ...
Registered in 0.003763 seconds.
Begin MonoManager ReloadAssembly
Native extension for WindowsStandalone target not found
Refreshing native plugins compatible for Editor in 0.66 ms, found 2 plugins.
Preloading 0 native plugins for Editor in 0.00 ms.
Mono: successfully reloaded assembly
- Completed reload, in  2.159 seconds
Domain Reload Profiling:
	ReloadAssembly (2365ms)
		BeginReloadAssembly (236ms)
			ExecutionOrderSort (0ms)
			DisableScriptedObjects (10ms)
			BackupInstance (0ms)
			ReleaseScriptingObjects (0ms)
			CreateAndSetChildDomain (56ms)
		EndReloadAssembly (1967ms)
			LoadAssemblies (195ms)
			RebuildTransferFunctionScriptingTraits (0ms)
			SetupTypeCache (423ms)
			ReleaseScriptCaches (2ms)
			RebuildScriptCaches (57ms)
			SetupLoadedEditorAssemblies (916ms)
				LogAssemblyErrors (0ms)
				InitializePlatformSupportModulesInManaged (105ms)
				SetLoadedEditorAssemblies (1ms)
				RefreshPlugins (357ms)
				BeforeProcessingInitializeOnLoad (121ms)
				ProcessInitializeOnLoadAttributes (286ms)
				ProcessInitializeOnLoadMethodAttributes (16ms)
				AfterProcessingInitializeOnLoad (30ms)
				EditorAssembliesLoaded (0ms)
			ExecutionOrderSort2 (0ms)
			AwakeInstancesAfterBackupRestoration (12ms)
Platform modules already initialized, skipping
Refreshing native plugins compatible for Editor in 0.42 ms, found 2 plugins.
Preloading 0 native plugins for Editor in 0.00 ms.
Unloading 1438 Unused Serialized files (Serialized files now loaded: 0)
System memory in use before: 83.2 MB.
System memory in use after: 83.3 MB.

Unloading 11 unused Assets to reduce memory usage. Loaded Objects now: 1932.
Total: 4.160200 ms (FindLiveObjects: 0.227800 ms CreateObjectMapping: 0.038500 ms MarkObjects: 3.871100 ms  DeleteObjects: 0.020700 ms)

AssetImportParameters requested are different than current active one (requested -> active):
  custom:framework-win-MediaFoundation: 216162199b28c13a410421893ffa2e32 -> 
  custom:video-decoder-ogg-theora: a1e56fd34408186e4bbccfd4996cb3dc -> 
  custom:container-muxer-webm: aa71ff27fc2769a1b78a27578f13a17b -> 
  custom:container-demuxer-webm: 4f35f7cbe854078d1ac9338744f61a02 -> 
  custom:container-demuxer-ogg: 62fdf1f143b41e24485cea50d1cbac27 -> 
  custom:video-encoder-webm-vp8: eb34c28f22e8b96e1ab97ce403110664 -> 
  custom:video-codec-MediaFoundation-h265: 746d11721c4dcdbdad8f713fa42b33f4 -> 
  custom:video-decoder-webm-vp8: 9c59270c3fd7afecdb556c50c9e8de78 -> 
  custom:audio-decoder-ogg-vorbis: bf7c407c2cedff20999df2af8eb42d56 -> 
  custom:audio-encoder-webm-vorbis: bf7c407c2cedff20999df2af8eb42d56 -> 
AssetImportWorkerClient::OnTransportError - code=2 error=End of file
