Using pre-set license
Built from '2020.3/staging' branch; Version is '2020.3.6f1 (338bb68529b2) revision 3378102'; Using compiler version '192528614'; Build Type 'Release'
OS: 'Windows 10 Home Single Language; OS build 19042.1348; Version 2009; 64bit' Language: 'en' Physical Memory: 8002 MB
BatchMode: 1, IsHumanControllingUs: 0, StartBugReporterOnCrash: 0, Is64bit: 1, IsPro: 0

 COMMAND LINE ARGUMENTS:
C:\Program Files\Unity\Hub\Editor\2020.3.19f1\Editor\Unity.exe
-adb2
-batchMode
-noUpm
-name
AssetImportWorker0
-projectPath
D:/TuxThesis/GameDevelopment
-logFile
Logs/AssetImportWorker0.log
-srvPort
60015
Successfully changed project path to: D:/TuxThesis/GameDevelopment
D:/TuxThesis/GameDevelopment
Using Asset Import Pipeline V2.
Refreshing native plugins compatible for Editor in 65.69 ms, found 2 plugins.
Preloading 0 native plugins for Editor in 0.00 ms.
Initialize engine version: 2020.3.6f1 (338bb68529b2)
[Subsystems] Discovering subsystems at path C:/Program Files/Unity/Hub/Editor/2020.3.19f1/Editor/Data/Resources/UnitySubsystems
[Subsystems] Discovering subsystems at path D:/TuxThesis/GameDevelopment/Assets
GfxDevice: creating device client; threaded=0
Direct3D:
    Version:  Direct3D 11.0 [level 11.1]
    Renderer: Radeon RX 560X (ID=0x67ef)
    Vendor:   
    VRAM:     4077 MB
    Driver:   26.20.12036.4002
Initialize mono
Mono path[0] = 'C:/Program Files/Unity/Hub/Editor/2020.3.19f1/Editor/Data/Managed'
Mono path[1] = 'C:/Program Files/Unity/Hub/Editor/2020.3.19f1/Editor/Data/MonoBleedingEdge/lib/mono/unityjit'
Mono config path = 'C:/Program Files/Unity/Hub/Editor/2020.3.19f1/Editor/Data/MonoBleedingEdge/etc'
Using monoOptions --debugger-agent=transport=dt_socket,embedding=1,server=y,suspend=n,address=127.0.0.1:56796
Begin MonoManager ReloadAssembly
Registering precompiled unity dll's ...
Register platform support module: C:/Program Files/Unity/Hub/Editor/2020.3.19f1/Editor/Data/PlaybackEngines/WindowsStandaloneSupport/UnityEditor.WindowsStandalone.Extensions.dll
Registered in 0.002991 seconds.
Native extension for WindowsStandalone target not found
Refreshing native plugins compatible for Editor in 42.34 ms, found 2 plugins.
Preloading 0 native plugins for Editor in 0.00 ms.
Mono: successfully reloaded assembly
- Completed reload, in  1.767 seconds
Platform modules already initialized, skipping
Registering precompiled user dll's ...
Registered in 0.003417 seconds.
Begin MonoManager ReloadAssembly
Native extension for WindowsStandalone target not found
Refreshing native plugins compatible for Editor in 0.51 ms, found 2 plugins.
Preloading 0 native plugins for Editor in 0.00 ms.
Mono: successfully reloaded assembly
- Completed reload, in  1.379 seconds
Platform modules already initialized, skipping
========================================================================
Worker process is ready to serve import requests
Launched and connected shader compiler UnityShaderCompiler.exe after 0.08 seconds
Refreshing native plugins compatible for Editor in 0.44 ms, found 2 plugins.
Preloading 0 native plugins for Editor in 0.00 ms.
Unloading 1444 Unused Serialized files (Serialized files now loaded: 0)
System memory in use before: 66.2 MB.
System memory in use after: 66.3 MB.

Unloading 16 unused Assets to reduce memory usage. Loaded Objects now: 1880.
Total: 5.002300 ms (FindLiveObjects: 0.227500 ms CreateObjectMapping: 0.054000 ms MarkObjects: 4.574100 ms  DeleteObjects: 0.144000 ms)

========================================================================
Received Import Request.
  path: Assets/Characters/Skills.prefab
  artifactKey: Guid(743753d0aedf4f040a0c24c1f0810849) Importer(815301076,1909f56bfc062723c751e8b465ee728b)
Start importing Assets/Characters/Skills.prefab using Guid(743753d0aedf4f040a0c24c1f0810849) Importer(815301076,1909f56bfc062723c751e8b465ee728b)  -> (artifact id: 'eecb8b8968fac2e123d0e142f337f746') in 0.058846 seconds
  Import took 0.112268 seconds .

========================================================================
Received Import Request.
  Time since last request: 0.000616 seconds.
  path: Assets/Characters/Snowball.prefab
  artifactKey: Guid(71dbf784bdb86114eb9dbb00aca140e0) Importer(815301076,1909f56bfc062723c751e8b465ee728b)
Start importing Assets/Characters/Snowball.prefab using Guid(71dbf784bdb86114eb9dbb00aca140e0) Importer(815301076,1909f56bfc062723c751e8b465ee728b)  -> (artifact id: '51c46f881da7765a445546700e6aa8d6') in 0.416628 seconds
  Import took 0.459368 seconds .

========================================================================
Received Import Request.
  Time since last request: 0.000314 seconds.
  path: Assets/Characters/MazeEmperor 1.prefab
  artifactKey: Guid(c9278f0f54621d24ea051b7f8427ea7d) Importer(815301076,1909f56bfc062723c751e8b465ee728b)
Start importing Assets/Characters/MazeEmperor 1.prefab using Guid(c9278f0f54621d24ea051b7f8427ea7d) Importer(815301076,1909f56bfc062723c751e8b465ee728b)  -> (artifact id: '7dc38fcfc9cb9ba1a796a10197fe3215') in 0.140859 seconds
  Import took 0.161160 seconds .

========================================================================
Received Import Request.
  Time since last request: 0.000291 seconds.
  path: Assets/Characters/snowSpawner.prefab
  artifactKey: Guid(10ebffac0657ecf4da38c237ecca7a31) Importer(815301076,1909f56bfc062723c751e8b465ee728b)
Start importing Assets/Characters/snowSpawner.prefab using Guid(10ebffac0657ecf4da38c237ecca7a31) Importer(815301076,1909f56bfc062723c751e8b465ee728b)  -> (artifact id: '9ddb2d7164b42be73843cd7b161782cc') in 0.005663 seconds
  Import took 0.031500 seconds .

========================================================================
Received Import Request.
  Time since last request: 0.001076 seconds.
  path: Assets/Characters/snowSpawner.prefab
  artifactKey: Guid(10ebffac0657ecf4da38c237ecca7a31) Importer(815301076,1909f56bfc062723c751e8b465ee728b)
Start importing Assets/Characters/snowSpawner.prefab using Guid(10ebffac0657ecf4da38c237ecca7a31) Importer(815301076,1909f56bfc062723c751e8b465ee728b)  -> (artifact id: '9ddb2d7164b42be73843cd7b161782cc') in 0.007685 seconds
  Import took 0.011815 seconds .

========================================================================
Received Prepare
Registering precompiled user dll's ...
Registered in 0.003619 seconds.
Begin MonoManager ReloadAssembly
Native extension for WindowsStandalone target not found
Refreshing native plugins compatible for Editor in 0.47 ms, found 2 plugins.
Preloading 0 native plugins for Editor in 0.00 ms.
Mono: successfully reloaded assembly
- Completed reload, in  1.330 seconds
Platform modules already initialized, skipping
Refreshing native plugins compatible for Editor in 0.41 ms, found 2 plugins.
Preloading 0 native plugins for Editor in 0.00 ms.
Unloading 1438 Unused Serialized files (Serialized files now loaded: 0)
System memory in use before: 85.3 MB.
System memory in use after: 85.4 MB.

Unloading 12 unused Assets to reduce memory usage. Loaded Objects now: 1892.
Total: 2.956700 ms (FindLiveObjects: 0.193300 ms CreateObjectMapping: 0.040200 ms MarkObjects: 2.690600 ms  DeleteObjects: 0.030900 ms)

========================================================================
Received Prepare
Registering precompiled user dll's ...
Registered in 0.003148 seconds.
Begin MonoManager ReloadAssembly
Native extension for WindowsStandalone target not found
Refreshing native plugins compatible for Editor in 0.51 ms, found 2 plugins.
Preloading 0 native plugins for Editor in 0.00 ms.
Mono: successfully reloaded assembly
- Completed reload, in  1.308 seconds
Platform modules already initialized, skipping
Refreshing native plugins compatible for Editor in 0.79 ms, found 2 plugins.
Preloading 0 native plugins for Editor in 0.00 ms.
Unloading 1438 Unused Serialized files (Serialized files now loaded: 0)
System memory in use before: 85.3 MB.
System memory in use after: 85.4 MB.

Unloading 11 unused Assets to reduce memory usage. Loaded Objects now: 1894.
Total: 11.365200 ms (FindLiveObjects: 0.858100 ms CreateObjectMapping: 0.074300 ms MarkObjects: 10.328300 ms  DeleteObjects: 0.098100 ms)

========================================================================
Received Prepare
Registering precompiled user dll's ...
Registered in 0.006579 seconds.
Begin MonoManager ReloadAssembly
Native extension for WindowsStandalone target not found
Refreshing native plugins compatible for Editor in 1.45 ms, found 2 plugins.
Preloading 0 native plugins for Editor in 0.00 ms.
Mono: successfully reloaded assembly
- Completed reload, in  1.852 seconds
Platform modules already initialized, skipping
Refreshing native plugins compatible for Editor in 0.70 ms, found 2 plugins.
Preloading 0 native plugins for Editor in 0.00 ms.
Unloading 1438 Unused Serialized files (Serialized files now loaded: 0)
System memory in use before: 85.3 MB.
System memory in use after: 85.4 MB.

Unloading 11 unused Assets to reduce memory usage. Loaded Objects now: 1896.
Total: 2.705700 ms (FindLiveObjects: 0.209500 ms CreateObjectMapping: 0.038600 ms MarkObjects: 2.423100 ms  DeleteObjects: 0.031600 ms)

========================================================================
Received Prepare
Registering precompiled user dll's ...
Registered in 0.004582 seconds.
Begin MonoManager ReloadAssembly
Native extension for WindowsStandalone target not found
Refreshing native plugins compatible for Editor in 0.39 ms, found 2 plugins.
Preloading 0 native plugins for Editor in 0.00 ms.
Mono: successfully reloaded assembly
- Completed reload, in  1.345 seconds
Platform modules already initialized, skipping
Refreshing native plugins compatible for Editor in 0.41 ms, found 2 plugins.
Preloading 0 native plugins for Editor in 0.00 ms.
Unloading 1438 Unused Serialized files (Serialized files now loaded: 0)
System memory in use before: 85.3 MB.
System memory in use after: 85.4 MB.

Unloading 11 unused Assets to reduce memory usage. Loaded Objects now: 1898.
Total: 4.298100 ms (FindLiveObjects: 0.217000 ms CreateObjectMapping: 0.052500 ms MarkObjects: 3.992400 ms  DeleteObjects: 0.034000 ms)

========================================================================
Received Prepare
Registering precompiled user dll's ...
Registered in 0.003174 seconds.
Begin MonoManager ReloadAssembly
Native extension for WindowsStandalone target not found
Refreshing native plugins compatible for Editor in 0.40 ms, found 2 plugins.
Preloading 0 native plugins for Editor in 0.00 ms.
Mono: successfully reloaded assembly
- Completed reload, in  1.310 seconds
Platform modules already initialized, skipping
Refreshing native plugins compatible for Editor in 0.62 ms, found 2 plugins.
Preloading 0 native plugins for Editor in 0.00 ms.
Unloading 1438 Unused Serialized files (Serialized files now loaded: 0)
System memory in use before: 85.4 MB.
System memory in use after: 85.5 MB.

Unloading 11 unused Assets to reduce memory usage. Loaded Objects now: 1900.
Total: 2.939900 ms (FindLiveObjects: 0.214800 ms CreateObjectMapping: 0.045800 ms MarkObjects: 2.649600 ms  DeleteObjects: 0.027300 ms)

========================================================================
Received Import Request.
  Time since last request: 1159.445200 seconds.
  path: Assets/Characters/New
  artifactKey: Guid(067c79c1459db194ca2c86b0eecb1782) Importer(815301076,1909f56bfc062723c751e8b465ee728b)
Start importing Assets/Characters/New using Guid(067c79c1459db194ca2c86b0eecb1782) Importer(815301076,1909f56bfc062723c751e8b465ee728b)  -> (artifact id: 'f1b99e47c0f0f75fd7f5637596823594') in 0.010688 seconds
  Import took 0.020462 seconds .

========================================================================
Received Import Request.
  Time since last request: 0.076306 seconds.
  path: Assets/Characters/New/MazeEmperor.prefab
  artifactKey: Guid(746a1e0c2c51e6647b3f746898b57f3d) Importer(815301076,1909f56bfc062723c751e8b465ee728b)
Start importing Assets/Characters/New/MazeEmperor.prefab using Guid(746a1e0c2c51e6647b3f746898b57f3d) Importer(815301076,1909f56bfc062723c751e8b465ee728b)  -> (artifact id: 'ac41fcbaf67e5baf9145610f845c2b50') in 0.118532 seconds
  Import took 0.132595 seconds .

========================================================================
Received Import Request.
  Time since last request: 9.271801 seconds.
  path: Assets/Characters/Prefabs
  artifactKey: Guid(9cd7a14bc9296e241aeee4f4fde0a348) Importer(815301076,1909f56bfc062723c751e8b465ee728b)
Start importing Assets/Characters/Prefabs using Guid(9cd7a14bc9296e241aeee4f4fde0a348) Importer(815301076,1909f56bfc062723c751e8b465ee728b)  -> (artifact id: 'd8773b1445e67ed37f4282e66f07ade2') in 0.005460 seconds
  Import took 0.014250 seconds .

========================================================================
Received Import Request.
  Time since last request: 0.097333 seconds.
  path: Assets/Characters/Prefabs/ZilchBase.prefab
  artifactKey: Guid(349aa06153ce9144a94272e6a7b5e643) Importer(815301076,1909f56bfc062723c751e8b465ee728b)
Start importing Assets/Characters/Prefabs/ZilchBase.prefab using Guid(349aa06153ce9144a94272e6a7b5e643) Importer(815301076,1909f56bfc062723c751e8b465ee728b)  -> (artifact id: 'df36f0c0c538f2e0665974c656156832') in 0.137584 seconds
  Import took 0.148694 seconds .

========================================================================
Received Import Request.
  Time since last request: 37.479488 seconds.
  path: Assets/Characters/MazeEmperor.prefab
  artifactKey: Guid(87e1d63a3cbf2e444972b211eca99b4b) Importer(815301076,1909f56bfc062723c751e8b465ee728b)
Start importing Assets/Characters/MazeEmperor.prefab using Guid(87e1d63a3cbf2e444972b211eca99b4b) Importer(815301076,1909f56bfc062723c751e8b465ee728b)  -> (artifact id: 'b92e1cbde8e1bf24d851c593d581a4e9') in 0.037475 seconds
  Import took 0.046951 seconds .

========================================================================
Received Import Request.
  Time since last request: 164.584050 seconds.
  path: Assets/Characters/FBX
  artifactKey: Guid(47f0c38262a235a46ba0470eefc6558b) Importer(815301076,1909f56bfc062723c751e8b465ee728b)
Start importing Assets/Characters/FBX using Guid(47f0c38262a235a46ba0470eefc6558b) Importer(815301076,1909f56bfc062723c751e8b465ee728b)  -> (artifact id: 'a71d7ddaaeb7de396649610c5e49e1eb') in 0.005963 seconds
  Import took 0.013970 seconds .

========================================================================
Received Import Request.
  Time since last request: 0.394777 seconds.
  path: Assets/Characters/FBX/Maze2DIYEmp.fbx
  artifactKey: Guid(df7624b21e3969b4fa5365b65d5665f7) Importer(815301076,1909f56bfc062723c751e8b465ee728b)
Start importing Assets/Characters/FBX/Maze2DIYEmp.fbx using Guid(df7624b21e3969b4fa5365b65d5665f7) Importer(815301076,1909f56bfc062723c751e8b465ee728b)  -> (artifact id: '4dca09e0cdc3b9daf73a0046e3ae91ef') in 0.392138 seconds
  Import took 0.399624 seconds .

========================================================================
Received Import Request.
  Time since last request: 0.000740 seconds.
  path: Assets/Characters/FBX/zilcharmor.fbx
  artifactKey: Guid(b0b149f19e46197488274a8775e56545) Importer(815301076,1909f56bfc062723c751e8b465ee728b)
Start importing Assets/Characters/FBX/zilcharmor.fbx using Guid(b0b149f19e46197488274a8775e56545) Importer(815301076,1909f56bfc062723c751e8b465ee728b)  -> (artifact id: '3a3a3faa00c971dc9221b5a731943d51') in 0.410392 seconds
  Import took 0.418770 seconds .

========================================================================
Received Import Request.
  Time since last request: 0.000713 seconds.
  path: Assets/Characters/FBX/Maze3Emperor_2.fbx
  artifactKey: Guid(01d31a6b46fc46246b5ab532b9fcc4b1) Importer(815301076,1909f56bfc062723c751e8b465ee728b)
Start importing Assets/Characters/FBX/Maze3Emperor_2.fbx using Guid(01d31a6b46fc46246b5ab532b9fcc4b1) Importer(815301076,1909f56bfc062723c751e8b465ee728b)  -> (artifact id: '625da8dc0e055615db9651a0de6361d7') in 0.245039 seconds
  Import took 0.253295 seconds .

========================================================================
Received Import Request.
  Time since last request: 0.000977 seconds.
  path: Assets/Characters/FBX/Maze2DIYEmp.fbx
  artifactKey: Guid(df7624b21e3969b4fa5365b65d5665f7) Importer(815301076,1909f56bfc062723c751e8b465ee728b)
Start importing Assets/Characters/FBX/Maze2DIYEmp.fbx using Guid(df7624b21e3969b4fa5365b65d5665f7) Importer(815301076,1909f56bfc062723c751e8b465ee728b)  -> (artifact id: '4dca09e0cdc3b9daf73a0046e3ae91ef') in 0.229514 seconds
  Import took 0.237504 seconds .

========================================================================
Received Import Request.
  Time since last request: 0.000755 seconds.
  path: Assets/Characters/FBX/ZilchBase.fbx
  artifactKey: Guid(d1bdd4e7df48d4a47aac08862f1590e2) Importer(815301076,1909f56bfc062723c751e8b465ee728b)
Start importing Assets/Characters/FBX/ZilchBase.fbx using Guid(d1bdd4e7df48d4a47aac08862f1590e2) Importer(815301076,1909f56bfc062723c751e8b465ee728b)  -> (artifact id: '83106706f41c76ca92997462a8e96bb4') in 0.313319 seconds
  Import took 0.323754 seconds .

========================================================================
Received Import Request.
  Time since last request: 0.000740 seconds.
  path: Assets/Characters/FBX/Trix3Cyborg.fbx
  artifactKey: Guid(774c4dfbcf1330840821a7ce75ea7bff) Importer(815301076,1909f56bfc062723c751e8b465ee728b)
Start importing Assets/Characters/FBX/Trix3Cyborg.fbx using Guid(774c4dfbcf1330840821a7ce75ea7bff) Importer(815301076,1909f56bfc062723c751e8b465ee728b)  -> (artifact id: '68122890e73ea6989a2f52a456ad4547') in 0.463317 seconds
  Import took 0.471779 seconds .

========================================================================
Received Import Request.
  Time since last request: 0.000880 seconds.
  path: Assets/Characters/FBX/Zilch2Mage 1.fbx
  artifactKey: Guid(b50f968986270af459c691d2d9f977f4) Importer(815301076,1909f56bfc062723c751e8b465ee728b)
Start importing Assets/Characters/FBX/Zilch2Mage 1.fbx using Guid(b50f968986270af459c691d2d9f977f4) Importer(815301076,1909f56bfc062723c751e8b465ee728b)  -> (artifact id: '03a830d995cddfbc9392f84f4b97edb3') in 0.408316 seconds
  Import took 0.416749 seconds .

========================================================================
Received Import Request.
  Time since last request: 0.000710 seconds.
  path: Assets/Characters/FBX/MazeBase.fbx
  artifactKey: Guid(310e6b9a54c21414d9d312266992035b) Importer(815301076,1909f56bfc062723c751e8b465ee728b)
Start importing Assets/Characters/FBX/MazeBase.fbx using Guid(310e6b9a54c21414d9d312266992035b) Importer(815301076,1909f56bfc062723c751e8b465ee728b)  -> (artifact id: 'c45fa9c6743c613da2dd6d9bc0c0cf17') in 0.342427 seconds
  Import took 0.351226 seconds .

========================================================================
Received Import Request.
  Time since last request: 0.000706 seconds.
  path: Assets/Characters/FBX/TrixBase.fbx
  artifactKey: Guid(e7c4a4ae5bfe22543a7aa7a5ab1631d8) Importer(815301076,1909f56bfc062723c751e8b465ee728b)
Start importing Assets/Characters/FBX/TrixBase.fbx using Guid(e7c4a4ae5bfe22543a7aa7a5ab1631d8) Importer(815301076,1909f56bfc062723c751e8b465ee728b)  -> (artifact id: '91de2aceaa13ba753e79dec4946e1293') in 0.380054 seconds
  Import took 0.388242 seconds .

========================================================================
Received Import Request.
  Time since last request: 0.000606 seconds.
  path: Assets/Characters/FBX/Trix2Mafia.fbx
  artifactKey: Guid(a5ba5c1391861394aaf09ee65697a76c) Importer(815301076,1909f56bfc062723c751e8b465ee728b)
Start importing Assets/Characters/FBX/Trix2Mafia.fbx using Guid(a5ba5c1391861394aaf09ee65697a76c) Importer(815301076,1909f56bfc062723c751e8b465ee728b)  -> (artifact id: '0068616750914fac035271bdf7692430') in 0.329697 seconds
  Import took 0.337882 seconds .

========================================================================
Received Prepare
Registering precompiled user dll's ...
Registered in 0.003203 seconds.
Begin MonoManager ReloadAssembly
Native extension for WindowsStandalone target not found
Refreshing native plugins compatible for Editor in 0.45 ms, found 2 plugins.
Preloading 0 native plugins for Editor in 0.00 ms.
Mono: successfully reloaded assembly
- Completed reload, in  1.805 seconds
Platform modules already initialized, skipping
Refreshing native plugins compatible for Editor in 0.67 ms, found 2 plugins.
Preloading 0 native plugins for Editor in 0.00 ms.
Unloading 1438 Unused Serialized files (Serialized files now loaded: 0)
System memory in use before: 86.1 MB.
System memory in use after: 86.2 MB.

Unloading 11 unused Assets to reduce memory usage. Loaded Objects now: 1939.
Total: 3.354400 ms (FindLiveObjects: 0.218800 ms CreateObjectMapping: 0.039400 ms MarkObjects: 3.073000 ms  DeleteObjects: 0.021500 ms)

========================================================================
Received Prepare
Registering precompiled user dll's ...
Registered in 0.002868 seconds.
Begin MonoManager ReloadAssembly
Native extension for WindowsStandalone target not found
Refreshing native plugins compatible for Editor in 0.69 ms, found 2 plugins.
Preloading 0 native plugins for Editor in 0.00 ms.
Mono: successfully reloaded assembly
- Completed reload, in  1.525 seconds
Platform modules already initialized, skipping
Refreshing native plugins compatible for Editor in 0.55 ms, found 2 plugins.
Preloading 0 native plugins for Editor in 0.00 ms.
Unloading 1438 Unused Serialized files (Serialized files now loaded: 0)
System memory in use before: 86.1 MB.
System memory in use after: 86.2 MB.

Unloading 11 unused Assets to reduce memory usage. Loaded Objects now: 1941.
Total: 4.582500 ms (FindLiveObjects: 0.197800 ms CreateObjectMapping: 0.038100 ms MarkObjects: 4.285200 ms  DeleteObjects: 0.057200 ms)

========================================================================
Received Import Request.
  Time since last request: 469.414395 seconds.
  path: Assets/Characters/MazeEmperor.prefab
  artifactKey: Guid(87e1d63a3cbf2e444972b211eca99b4b) Importer(815301076,1909f56bfc062723c751e8b465ee728b)
Start importing Assets/Characters/MazeEmperor.prefab using Guid(87e1d63a3cbf2e444972b211eca99b4b) Importer(815301076,1909f56bfc062723c751e8b465ee728b)  -> (artifact id: '8ff0c728c09e5ad6b2d3ce497f1ade93') in 0.140414 seconds
  Import took 0.151751 seconds .

========================================================================
Received Import Request.
  Time since last request: 0.937369 seconds.
  path: Assets/Characters
  artifactKey: Guid(0bf0fadb54c22144e8c4d79994d02416) Importer(815301076,1909f56bfc062723c751e8b465ee728b)
Start importing Assets/Characters using Guid(0bf0fadb54c22144e8c4d79994d02416) Importer(815301076,1909f56bfc062723c751e8b465ee728b)  -> (artifact id: '704fa98f87f6cff05fb922b0fb3cde3c') in 0.004945 seconds
  Import took 0.013697 seconds .

========================================================================
Received Import Request.
  Time since last request: 16.813691 seconds.
  path: Assets/Characters/snowball_trail.mat
  artifactKey: Guid(f0eb8a3d2d8478c4ea2973b57aea3782) Importer(815301076,1909f56bfc062723c751e8b465ee728b)
Start importing Assets/Characters/snowball_trail.mat using Guid(f0eb8a3d2d8478c4ea2973b57aea3782) Importer(815301076,1909f56bfc062723c751e8b465ee728b)  -> (artifact id: 'e3f94eb0d6a37d7a5c581b23a690ee8d') in 0.045659 seconds
  Import took 0.053442 seconds .

========================================================================
Received Prepare
Registering precompiled user dll's ...
Registered in 0.004539 seconds.
Begin MonoManager ReloadAssembly
Native extension for WindowsStandalone target not found
Refreshing native plugins compatible for Editor in 0.54 ms, found 2 plugins.
Preloading 0 native plugins for Editor in 0.00 ms.
Mono: successfully reloaded assembly
- Completed reload, in  1.391 seconds
Platform modules already initialized, skipping
Refreshing native plugins compatible for Editor in 0.38 ms, found 2 plugins.
Preloading 0 native plugins for Editor in 0.00 ms.
Unloading 1438 Unused Serialized files (Serialized files now loaded: 0)
System memory in use before: 86.1 MB.
System memory in use after: 86.2 MB.

Unloading 11 unused Assets to reduce memory usage. Loaded Objects now: 1944.
Total: 2.880000 ms (FindLiveObjects: 0.216200 ms CreateObjectMapping: 0.038300 ms MarkObjects: 2.595300 ms  DeleteObjects: 0.028400 ms)

========================================================================
Received Prepare
Registering precompiled user dll's ...
Registered in 0.005039 seconds.
Begin MonoManager ReloadAssembly
Native extension for WindowsStandalone target not found
Refreshing native plugins compatible for Editor in 0.43 ms, found 2 plugins.
Preloading 0 native plugins for Editor in 0.00 ms.
Mono: successfully reloaded assembly
- Completed reload, in  1.324 seconds
Platform modules already initialized, skipping
Refreshing native plugins compatible for Editor in 0.56 ms, found 2 plugins.
Preloading 0 native plugins for Editor in 0.00 ms.
Unloading 1438 Unused Serialized files (Serialized files now loaded: 0)
System memory in use before: 86.1 MB.
System memory in use after: 86.2 MB.

Unloading 11 unused Assets to reduce memory usage. Loaded Objects now: 1946.
Total: 3.451200 ms (FindLiveObjects: 0.277400 ms CreateObjectMapping: 0.066200 ms MarkObjects: 3.080700 ms  DeleteObjects: 0.023000 ms)

========================================================================
Received Prepare
Registering precompiled user dll's ...
Registered in 0.004828 seconds.
Begin MonoManager ReloadAssembly
Native extension for WindowsStandalone target not found
Refreshing native plugins compatible for Editor in 0.58 ms, found 2 plugins.
Preloading 0 native plugins for Editor in 0.00 ms.
Mono: successfully reloaded assembly
- Completed reload, in  1.880 seconds
Platform modules already initialized, skipping
Refreshing native plugins compatible for Editor in 0.53 ms, found 2 plugins.
Preloading 0 native plugins for Editor in 0.00 ms.
Unloading 1438 Unused Serialized files (Serialized files now loaded: 0)
System memory in use before: 86.1 MB.
System memory in use after: 86.2 MB.

Unloading 11 unused Assets to reduce memory usage. Loaded Objects now: 1948.
Total: 5.309300 ms (FindLiveObjects: 0.411600 ms CreateObjectMapping: 0.212600 ms MarkObjects: 4.653700 ms  DeleteObjects: 0.029100 ms)

========================================================================
Received Prepare
Registering precompiled user dll's ...
Registered in 0.004292 seconds.
Begin MonoManager ReloadAssembly
Native extension for WindowsStandalone target not found
Refreshing native plugins compatible for Editor in 0.70 ms, found 2 plugins.
Preloading 0 native plugins for Editor in 0.00 ms.
Mono: successfully reloaded assembly
- Completed reload, in  1.456 seconds
Platform modules already initialized, skipping
Refreshing native plugins compatible for Editor in 0.46 ms, found 2 plugins.
Preloading 0 native plugins for Editor in 0.00 ms.
Unloading 1438 Unused Serialized files (Serialized files now loaded: 0)
System memory in use before: 86.1 MB.
System memory in use after: 86.3 MB.

Unloading 11 unused Assets to reduce memory usage. Loaded Objects now: 1950.
Total: 3.550000 ms (FindLiveObjects: 0.325500 ms CreateObjectMapping: 0.113300 ms MarkObjects: 3.083400 ms  DeleteObjects: 0.025000 ms)

========================================================================
Received Prepare
Registering precompiled user dll's ...
Registered in 0.003212 seconds.
Begin MonoManager ReloadAssembly
Native extension for WindowsStandalone target not found
Refreshing native plugins compatible for Editor in 0.56 ms, found 2 plugins.
Preloading 0 native plugins for Editor in 0.00 ms.
Mono: successfully reloaded assembly
- Completed reload, in  1.270 seconds
Platform modules already initialized, skipping
Refreshing native plugins compatible for Editor in 0.45 ms, found 2 plugins.
Preloading 0 native plugins for Editor in 0.00 ms.
Unloading 1438 Unused Serialized files (Serialized files now loaded: 0)
System memory in use before: 86.2 MB.
System memory in use after: 86.3 MB.

Unloading 11 unused Assets to reduce memory usage. Loaded Objects now: 1952.
Total: 3.492600 ms (FindLiveObjects: 0.241200 ms CreateObjectMapping: 0.043900 ms MarkObjects: 3.168700 ms  DeleteObjects: 0.035400 ms)

========================================================================
Received Prepare
Registering precompiled user dll's ...
Registered in 0.002924 seconds.
Begin MonoManager ReloadAssembly
Native extension for WindowsStandalone target not found
Refreshing native plugins compatible for Editor in 0.46 ms, found 2 plugins.
Preloading 0 native plugins for Editor in 0.00 ms.
Mono: successfully reloaded assembly
- Completed reload, in  1.237 seconds
Platform modules already initialized, skipping
Refreshing native plugins compatible for Editor in 0.39 ms, found 2 plugins.
Preloading 0 native plugins for Editor in 0.00 ms.
Unloading 1438 Unused Serialized files (Serialized files now loaded: 0)
System memory in use before: 86.2 MB.
System memory in use after: 86.3 MB.

Unloading 11 unused Assets to reduce memory usage. Loaded Objects now: 1954.
Total: 2.774600 ms (FindLiveObjects: 0.223600 ms CreateObjectMapping: 0.047300 ms MarkObjects: 2.471500 ms  DeleteObjects: 0.030300 ms)

========================================================================
Received Prepare
Registering precompiled user dll's ...
Registered in 0.005008 seconds.
Begin MonoManager ReloadAssembly
Native extension for WindowsStandalone target not found
Refreshing native plugins compatible for Editor in 0.75 ms, found 2 plugins.
Preloading 0 native plugins for Editor in 0.00 ms.
Mono: successfully reloaded assembly
- Completed reload, in  1.616 seconds
Platform modules already initialized, skipping
Refreshing native plugins compatible for Editor in 0.51 ms, found 2 plugins.
Preloading 0 native plugins for Editor in 0.00 ms.
Unloading 1438 Unused Serialized files (Serialized files now loaded: 0)
System memory in use before: 86.2 MB.
System memory in use after: 86.3 MB.

Unloading 11 unused Assets to reduce memory usage. Loaded Objects now: 1956.
Total: 4.473100 ms (FindLiveObjects: 0.844900 ms CreateObjectMapping: 0.245500 ms MarkObjects: 3.354800 ms  DeleteObjects: 0.024400 ms)

========================================================================
Received Prepare
Registering precompiled user dll's ...
Registered in 0.004636 seconds.
Begin MonoManager ReloadAssembly
Native extension for WindowsStandalone target not found
Refreshing native plugins compatible for Editor in 0.57 ms, found 2 plugins.
Preloading 0 native plugins for Editor in 0.00 ms.
Mono: successfully reloaded assembly
- Completed reload, in  1.400 seconds
Platform modules already initialized, skipping
Refreshing native plugins compatible for Editor in 0.38 ms, found 2 plugins.
Preloading 0 native plugins for Editor in 0.00 ms.
Unloading 1438 Unused Serialized files (Serialized files now loaded: 0)
System memory in use before: 86.2 MB.
System memory in use after: 86.3 MB.

Unloading 11 unused Assets to reduce memory usage. Loaded Objects now: 1958.
Total: 3.258500 ms (FindLiveObjects: 0.222800 ms CreateObjectMapping: 0.048300 ms MarkObjects: 2.959500 ms  DeleteObjects: 0.026300 ms)

========================================================================
Received Prepare
Registering precompiled user dll's ...
Registered in 0.004603 seconds.
Begin MonoManager ReloadAssembly
Native extension for WindowsStandalone target not found
Refreshing native plugins compatible for Editor in 2.59 ms, found 2 plugins.
Preloading 0 native plugins for Editor in 0.00 ms.
Mono: successfully reloaded assembly
- Completed reload, in  1.480 seconds
Platform modules already initialized, skipping
Refreshing native plugins compatible for Editor in 0.54 ms, found 2 plugins.
Preloading 0 native plugins for Editor in 0.00 ms.
Unloading 1438 Unused Serialized files (Serialized files now loaded: 0)
System memory in use before: 86.2 MB.
System memory in use after: 86.3 MB.

Unloading 11 unused Assets to reduce memory usage. Loaded Objects now: 1960.
Total: 4.093400 ms (FindLiveObjects: 0.231000 ms CreateObjectMapping: 0.046700 ms MarkObjects: 3.787500 ms  DeleteObjects: 0.025400 ms)

========================================================================
Received Prepare
Registering precompiled user dll's ...
Registered in 0.002922 seconds.
Begin MonoManager ReloadAssembly
Native extension for WindowsStandalone target not found
Refreshing native plugins compatible for Editor in 0.46 ms, found 2 plugins.
Preloading 0 native plugins for Editor in 0.00 ms.
Mono: successfully reloaded assembly
- Completed reload, in  1.694 seconds
Platform modules already initialized, skipping
Refreshing native plugins compatible for Editor in 0.39 ms, found 2 plugins.
Preloading 0 native plugins for Editor in 0.00 ms.
Unloading 1438 Unused Serialized files (Serialized files now loaded: 0)
System memory in use before: 86.2 MB.
System memory in use after: 86.3 MB.

Unloading 11 unused Assets to reduce memory usage. Loaded Objects now: 1962.
Total: 3.634300 ms (FindLiveObjects: 0.347200 ms CreateObjectMapping: 0.090700 ms MarkObjects: 3.166000 ms  DeleteObjects: 0.027100 ms)

========================================================================
Received Prepare
Registering precompiled user dll's ...
Registered in 0.003733 seconds.
Begin MonoManager ReloadAssembly
Native extension for WindowsStandalone target not found
Refreshing native plugins compatible for Editor in 0.62 ms, found 2 plugins.
Preloading 0 native plugins for Editor in 0.00 ms.
Mono: successfully reloaded assembly
- Completed reload, in  1.497 seconds
Platform modules already initialized, skipping
Refreshing native plugins compatible for Editor in 0.46 ms, found 2 plugins.
Preloading 0 native plugins for Editor in 0.00 ms.
Unloading 1438 Unused Serialized files (Serialized files now loaded: 0)
System memory in use before: 86.2 MB.
System memory in use after: 86.3 MB.

Unloading 11 unused Assets to reduce memory usage. Loaded Objects now: 1964.
Total: 3.996800 ms (FindLiveObjects: 0.354400 ms CreateObjectMapping: 0.080100 ms MarkObjects: 3.535400 ms  DeleteObjects: 0.024300 ms)

========================================================================
Received Prepare
Registering precompiled user dll's ...
Registered in 0.003423 seconds.
Begin MonoManager ReloadAssembly
Native extension for WindowsStandalone target not found
Refreshing native plugins compatible for Editor in 0.42 ms, found 2 plugins.
Preloading 0 native plugins for Editor in 0.00 ms.
Mono: successfully reloaded assembly
- Completed reload, in  1.502 seconds
Platform modules already initialized, skipping
Refreshing native plugins compatible for Editor in 0.52 ms, found 2 plugins.
Preloading 0 native plugins for Editor in 0.00 ms.
Unloading 1438 Unused Serialized files (Serialized files now loaded: 0)
System memory in use before: 86.2 MB.
System memory in use after: 86.3 MB.

Unloading 11 unused Assets to reduce memory usage. Loaded Objects now: 1966.
Total: 2.771000 ms (FindLiveObjects: 0.202700 ms CreateObjectMapping: 0.038500 ms MarkObjects: 2.503100 ms  DeleteObjects: 0.024900 ms)

========================================================================
Received Prepare
Registering precompiled user dll's ...
Registered in 0.004442 seconds.
Begin MonoManager ReloadAssembly
Native extension for WindowsStandalone target not found
Refreshing native plugins compatible for Editor in 0.44 ms, found 2 plugins.
Preloading 0 native plugins for Editor in 0.00 ms.
Mono: successfully reloaded assembly
- Completed reload, in  2.122 seconds
Platform modules already initialized, skipping
Refreshing native plugins compatible for Editor in 0.52 ms, found 2 plugins.
Preloading 0 native plugins for Editor in 0.00 ms.
Unloading 1438 Unused Serialized files (Serialized files now loaded: 0)
System memory in use before: 86.2 MB.
System memory in use after: 86.3 MB.

Unloading 11 unused Assets to reduce memory usage. Loaded Objects now: 1968.
Total: 2.872400 ms (FindLiveObjects: 0.215600 ms CreateObjectMapping: 0.045600 ms MarkObjects: 2.587800 ms  DeleteObjects: 0.021900 ms)

========================================================================
Received Prepare
Registering precompiled user dll's ...
Registered in 0.003819 seconds.
Begin MonoManager ReloadAssembly
Native extension for WindowsStandalone target not found
Refreshing native plugins compatible for Editor in 0.46 ms, found 2 plugins.
Preloading 0 native plugins for Editor in 0.00 ms.
Mono: successfully reloaded assembly
- Completed reload, in  1.464 seconds
Platform modules already initialized, skipping
Refreshing native plugins compatible for Editor in 0.40 ms, found 2 plugins.
Preloading 0 native plugins for Editor in 0.00 ms.
Unloading 1438 Unused Serialized files (Serialized files now loaded: 0)
System memory in use before: 86.2 MB.
System memory in use after: 86.3 MB.

Unloading 11 unused Assets to reduce memory usage. Loaded Objects now: 1970.
Total: 2.592500 ms (FindLiveObjects: 0.206500 ms CreateObjectMapping: 0.038500 ms MarkObjects: 2.318900 ms  DeleteObjects: 0.026200 ms)

========================================================================
Received Prepare
Registering precompiled user dll's ...
Registered in 0.004587 seconds.
Begin MonoManager ReloadAssembly
Native extension for WindowsStandalone target not found
Refreshing native plugins compatible for Editor in 1.15 ms, found 2 plugins.
Preloading 0 native plugins for Editor in 0.00 ms.
Mono: successfully reloaded assembly
- Completed reload, in  2.333 seconds
Platform modules already initialized, skipping
Refreshing native plugins compatible for Editor in 0.60 ms, found 2 plugins.
Preloading 0 native plugins for Editor in 0.00 ms.
Unloading 1438 Unused Serialized files (Serialized files now loaded: 0)
System memory in use before: 86.2 MB.
System memory in use after: 86.3 MB.

Unloading 11 unused Assets to reduce memory usage. Loaded Objects now: 1972.
Total: 6.250300 ms (FindLiveObjects: 0.830800 ms CreateObjectMapping: 0.221900 ms MarkObjects: 5.153800 ms  DeleteObjects: 0.037700 ms)

========================================================================
Received Prepare
Registering precompiled user dll's ...
Registered in 0.003025 seconds.
Begin MonoManager ReloadAssembly
Native extension for WindowsStandalone target not found
Refreshing native plugins compatible for Editor in 0.39 ms, found 2 plugins.
Preloading 0 native plugins for Editor in 0.00 ms.
Mono: successfully reloaded assembly
- Completed reload, in  1.486 seconds
Platform modules already initialized, skipping
Refreshing native plugins compatible for Editor in 0.69 ms, found 2 plugins.
Preloading 0 native plugins for Editor in 0.00 ms.
Unloading 1438 Unused Serialized files (Serialized files now loaded: 0)
System memory in use before: 86.2 MB.
System memory in use after: 86.3 MB.

Unloading 11 unused Assets to reduce memory usage. Loaded Objects now: 1974.
Total: 4.037700 ms (FindLiveObjects: 0.490100 ms CreateObjectMapping: 0.227600 ms MarkObjects: 3.291900 ms  DeleteObjects: 0.025400 ms)

========================================================================
Received Prepare
Registering precompiled user dll's ...
Registered in 0.003552 seconds.
Begin MonoManager ReloadAssembly
Native extension for WindowsStandalone target not found
Refreshing native plugins compatible for Editor in 0.43 ms, found 2 plugins.
Preloading 0 native plugins for Editor in 0.00 ms.
Mono: successfully reloaded assembly
- Completed reload, in  1.646 seconds
Platform modules already initialized, skipping
Refreshing native plugins compatible for Editor in 0.53 ms, found 2 plugins.
Preloading 0 native plugins for Editor in 0.00 ms.
Unloading 1438 Unused Serialized files (Serialized files now loaded: 0)
System memory in use before: 86.2 MB.
System memory in use after: 86.3 MB.

Unloading 11 unused Assets to reduce memory usage. Loaded Objects now: 1976.
Total: 3.659100 ms (FindLiveObjects: 0.279700 ms CreateObjectMapping: 0.062500 ms MarkObjects: 3.288400 ms  DeleteObjects: 0.026400 ms)

AssetImportWorkerClient::OnTransportError - code=2 error=End of file
